2022/06/11 07:35:24 [error] [exception.CException] CException: Property "CUrlManager.enablePrettyUrl" is not defined. in /home/admin/web/popup.myhelper.website/public_html/framework/base/CComponent.php:173
Stack trace:
#0 /home/admin/web/popup.myhelper.website/public_html/framework/YiiBase.php(227): CComponent->__set()
#1 /home/admin/web/popup.myhelper.website/public_html/framework/base/CModule.php(393): YiiBase::createComponent()
#2 /home/admin/web/popup.myhelper.website/public_html/framework/base/CApplication.php(531): CModule->getComponent()
#3 /home/admin/web/popup.myhelper.website/public_html/framework/web/CWebApplication.php(140): CApplication->getUrlManager()
#4 /home/admin/web/popup.myhelper.website/public_html/framework/base/CApplication.php(185): CWebApplication->processRequest()
#5 /home/admin/web/popup.myhelper.website/public_html/popup/index.php(13): CApplication->run()
#6 {main}
REQUEST_URI=/index.php/site/index
HTTP_REFERER=http://popup.myhelper.website/index.php/site/index
---
2022/06/11 07:35:25 [error] [exception.CException] CException: Property "CUrlManager.enablePrettyUrl" is not defined. in /home/admin/web/popup.myhelper.website/public_html/framework/base/CComponent.php:173
Stack trace:
#0 /home/admin/web/popup.myhelper.website/public_html/framework/YiiBase.php(227): CComponent->__set()
#1 /home/admin/web/popup.myhelper.website/public_html/framework/base/CModule.php(393): YiiBase::createComponent()
#2 /home/admin/web/popup.myhelper.website/public_html/framework/base/CApplication.php(531): CModule->getComponent()
#3 /home/admin/web/popup.myhelper.website/public_html/framework/web/CWebApplication.php(140): CApplication->getUrlManager()
#4 /home/admin/web/popup.myhelper.website/public_html/framework/base/CApplication.php(185): CWebApplication->processRequest()
#5 /home/admin/web/popup.myhelper.website/public_html/popup/index.php(13): CApplication->run()
#6 {main}
REQUEST_URI=/index.php/site/page?view=about
HTTP_REFERER=http://popup.myhelper.website/index.php/site/contact
---
2022/06/11 07:35:29 [error] [exception.CException] CException: Property "CUrlManager.enablePrettyUrl" is not defined. in /home/admin/web/popup.myhelper.website/public_html/framework/base/CComponent.php:173
Stack trace:
#0 /home/admin/web/popup.myhelper.website/public_html/framework/YiiBase.php(227): CComponent->__set()
#1 /home/admin/web/popup.myhelper.website/public_html/framework/base/CModule.php(393): YiiBase::createComponent()
#2 /home/admin/web/popup.myhelper.website/public_html/framework/base/CApplication.php(531): CModule->getComponent()
#3 /home/admin/web/popup.myhelper.website/public_html/framework/web/CWebApplication.php(140): CApplication->getUrlManager()
#4 /home/admin/web/popup.myhelper.website/public_html/framework/base/CApplication.php(185): CWebApplication->processRequest()
#5 /home/admin/web/popup.myhelper.website/public_html/popup/index.php(13): CApplication->run()
#6 {main}
REQUEST_URI=/
---
2022/06/11 07:39:38 [error] [exception.CException] CException: Property "CUrlManager.enablePrettyUrl" is not defined. in /home/admin/web/popup.myhelper.website/public_html/framework/base/CComponent.php:173
Stack trace:
#0 /home/admin/web/popup.myhelper.website/public_html/framework/YiiBase.php(227): CComponent->__set()
#1 /home/admin/web/popup.myhelper.website/public_html/framework/base/CModule.php(393): YiiBase::createComponent()
#2 /home/admin/web/popup.myhelper.website/public_html/framework/base/CApplication.php(531): CModule->getComponent()
#3 /home/admin/web/popup.myhelper.website/public_html/framework/web/CWebApplication.php(140): CApplication->getUrlManager()
#4 /home/admin/web/popup.myhelper.website/public_html/framework/base/CApplication.php(185): CWebApplication->processRequest()
#5 /home/admin/web/popup.myhelper.website/public_html/popup/index.php(13): CApplication->run()
#6 {main}
REQUEST_URI=/
---
2022/06/11 07:56:59 [error] [exception.CHttpException.404] CHttpException: Unable to resolve the request "favicon.ico". in /home/admin/web/popup.myhelper.website/public_html/framework/web/CWebApplication.php:286
Stack trace:
#0 /home/admin/web/popup.myhelper.website/public_html/framework/web/CWebApplication.php(141): CWebApplication->runController()
#1 /home/admin/web/popup.myhelper.website/public_html/framework/base/CApplication.php(185): CWebApplication->processRequest()
#2 /home/admin/web/popup.myhelper.website/public_html/popup/index.php(13): CApplication->run()
#3 {main}
REQUEST_URI=/favicon.ico
HTTP_REFERER=https://popup.myhelper.website/site/index
---
2022/06/11 08:05:30 [error] [exception.CHttpException.404] CHttpException: Unable to resolve the request "favicon.ico". in /home/admin/web/popup.myhelper.website/public_html/framework/web/CWebApplication.php:286
Stack trace:
#0 /home/admin/web/popup.myhelper.website/public_html/framework/web/CWebApplication.php(141): CWebApplication->runController()
#1 /home/admin/web/popup.myhelper.website/public_html/framework/base/CApplication.php(185): CWebApplication->processRequest()
#2 /home/admin/web/popup.myhelper.website/public_html/popup/index.php(13): CApplication->run()
#3 {main}
REQUEST_URI=/favicon.ico
HTTP_REFERER=https://popup.myhelper.website/site/index
---
2022/06/11 08:21:23 [error] [exception.CDbException] CDbException: CDbConnection failed to open the DB connection: SQLSTATE[HY000] [1045] Access denied for user 'admin_root'@'localhost' (using password: YES) in /home/admin/web/popup.myhelper.website/public_html/framework/db/CDbConnection.php:399
Stack trace:
#0 /home/admin/web/popup.myhelper.website/public_html/framework/db/CDbConnection.php(347): CDbConnection->open()
#1 /home/admin/web/popup.myhelper.website/public_html/framework/db/CDbConnection.php(325): CDbConnection->setActive()
#2 /home/admin/web/popup.myhelper.website/public_html/framework/base/CModule.php(394): CDbConnection->init()
#3 /home/admin/web/popup.myhelper.website/public_html/framework/cli/commands/MigrateCommand.php(472): CModule->getComponent()
#4 /home/admin/web/popup.myhelper.website/public_html/framework/cli/commands/MigrateCommand.php(481): MigrateCommand->getDbConnection()
#5 /home/admin/web/popup.myhelper.website/public_html/framework/cli/commands/MigrateCommand.php(512): MigrateCommand->getMigrationHistory()
#6 /home/admin/web/popup.myhelper.website/public_html/framework/cli/commands/MigrateCommand.php(84): MigrateCommand->getNewMigrations()
#7 [internal function]: MigrateCommand->actionUp()
#8 /home/admin/web/popup.myhelper.website/public_html/framework/console/CConsoleCommand.php(178): ReflectionMethod->invokeArgs()
#9 /home/admin/web/popup.myhelper.website/public_html/framework/console/CConsoleCommandRunner.php(71): CConsoleCommand->run()
#10 /home/admin/web/popup.myhelper.website/public_html/framework/console/CConsoleApplication.php(92): CConsoleCommandRunner->run()
#11 /home/admin/web/popup.myhelper.website/public_html/framework/base/CApplication.php(185): CConsoleApplication->processRequest()
#12 /home/admin/web/popup.myhelper.website/public_html/framework/yiic.php(33): CApplication->run()
#13 /home/admin/web/popup.myhelper.website/public_html/popup/protected/yiic.php(7): require_once('...')
#14 /home/admin/web/popup.myhelper.website/public_html/popup/protected/yiic(4): require_once('...')
#15 {main}
---
2022/06/11 08:24:33 [error] [system.db.CDbCommand] CDbCommand::fetchAll() failed: SQLSTATE[42S02]: Base table or view not found: 1146 Table 'admin_test.tbl_migration' doesn't exist. The SQL statement executed was: SHOW FULL COLUMNS FROM `tbl_migration`.
2022/06/11 08:29:59 [error] [exception.CHttpException.403] CHttpException: You are not allowed to access this page. in /home/admin/web/popup.myhelper.website/public_html/framework/gii/GiiModule.php:170
Stack trace:
#0 /home/admin/web/popup.myhelper.website/public_html/framework/web/CController.php(263): GiiModule->beforeControllerAction()
#1 /home/admin/web/popup.myhelper.website/public_html/framework/web/CWebApplication.php(282): CController->run()
#2 /home/admin/web/popup.myhelper.website/public_html/framework/web/CWebApplication.php(141): CWebApplication->runController()
#3 /home/admin/web/popup.myhelper.website/public_html/framework/base/CApplication.php(185): CWebApplication->processRequest()
#4 /home/admin/web/popup.myhelper.website/public_html/popup/index.php(13): CApplication->run()
#5 {main}
REQUEST_URI=/gii
---
2022/06/11 08:31:01 [error] [exception.CHttpException.403] CHttpException: You are not allowed to access this page. in /home/admin/web/popup.myhelper.website/public_html/framework/gii/GiiModule.php:170
Stack trace:
#0 /home/admin/web/popup.myhelper.website/public_html/framework/web/CController.php(263): GiiModule->beforeControllerAction()
#1 /home/admin/web/popup.myhelper.website/public_html/framework/web/CWebApplication.php(282): CController->run()
#2 /home/admin/web/popup.myhelper.website/public_html/framework/web/CWebApplication.php(141): CWebApplication->runController()
#3 /home/admin/web/popup.myhelper.website/public_html/framework/base/CApplication.php(185): CWebApplication->processRequest()
#4 /home/admin/web/popup.myhelper.website/public_html/popup/index.php(13): CApplication->run()
#5 {main}
REQUEST_URI=/gii
---
2022/06/11 08:31:28 [error] [exception.CHttpException.403] CHttpException: You are not allowed to access this page. in /home/admin/web/popup.myhelper.website/public_html/framework/gii/GiiModule.php:170
Stack trace:
#0 /home/admin/web/popup.myhelper.website/public_html/framework/web/CController.php(263): GiiModule->beforeControllerAction()
#1 /home/admin/web/popup.myhelper.website/public_html/framework/web/CWebApplication.php(282): CController->run()
#2 /home/admin/web/popup.myhelper.website/public_html/framework/web/CWebApplication.php(141): CWebApplication->runController()
#3 /home/admin/web/popup.myhelper.website/public_html/framework/base/CApplication.php(185): CWebApplication->processRequest()
#4 /home/admin/web/popup.myhelper.website/public_html/popup/index.php(13): CApplication->run()
#5 {main}
REQUEST_URI=/gii
---
2022/06/11 08:31:30 [error] [exception.CHttpException.403] CHttpException: You are not allowed to access this page. in /home/admin/web/popup.myhelper.website/public_html/framework/gii/GiiModule.php:170
Stack trace:
#0 /home/admin/web/popup.myhelper.website/public_html/framework/web/CController.php(263): GiiModule->beforeControllerAction()
#1 /home/admin/web/popup.myhelper.website/public_html/framework/web/CWebApplication.php(282): CController->run()
#2 /home/admin/web/popup.myhelper.website/public_html/framework/web/CWebApplication.php(141): CWebApplication->runController()
#3 /home/admin/web/popup.myhelper.website/public_html/framework/base/CApplication.php(185): CWebApplication->processRequest()
#4 /home/admin/web/popup.myhelper.website/public_html/popup/index.php(13): CApplication->run()
#5 {main}
REQUEST_URI=/gii
---
2022/06/11 08:31:30 [error] [exception.CHttpException.403] CHttpException: You are not allowed to access this page. in /home/admin/web/popup.myhelper.website/public_html/framework/gii/GiiModule.php:170
Stack trace:
#0 /home/admin/web/popup.myhelper.website/public_html/framework/web/CController.php(263): GiiModule->beforeControllerAction()
#1 /home/admin/web/popup.myhelper.website/public_html/framework/web/CWebApplication.php(282): CController->run()
#2 /home/admin/web/popup.myhelper.website/public_html/framework/web/CWebApplication.php(141): CWebApplication->runController()
#3 /home/admin/web/popup.myhelper.website/public_html/framework/base/CApplication.php(185): CWebApplication->processRequest()
#4 /home/admin/web/popup.myhelper.website/public_html/popup/index.php(13): CApplication->run()
#5 {main}
REQUEST_URI=/gii
---
2022/06/11 08:32:24 [error] [exception.CHttpException.403] CHttpException: You are not allowed to access this page. in /home/admin/web/popup.myhelper.website/public_html/framework/gii/GiiModule.php:170
Stack trace:
#0 /home/admin/web/popup.myhelper.website/public_html/framework/web/CController.php(263): GiiModule->beforeControllerAction()
#1 /home/admin/web/popup.myhelper.website/public_html/framework/web/CWebApplication.php(282): CController->run()
#2 /home/admin/web/popup.myhelper.website/public_html/framework/web/CWebApplication.php(141): CWebApplication->runController()
#3 /home/admin/web/popup.myhelper.website/public_html/framework/base/CApplication.php(185): CWebApplication->processRequest()
#4 /home/admin/web/popup.myhelper.website/public_html/popup/index.php(13): CApplication->run()
#5 {main}
REQUEST_URI=/gii
---
2022/06/11 08:32:25 [error] [exception.CHttpException.403] CHttpException: You are not allowed to access this page. in /home/admin/web/popup.myhelper.website/public_html/framework/gii/GiiModule.php:170
Stack trace:
#0 /home/admin/web/popup.myhelper.website/public_html/framework/web/CController.php(263): GiiModule->beforeControllerAction()
#1 /home/admin/web/popup.myhelper.website/public_html/framework/web/CWebApplication.php(282): CController->run()
#2 /home/admin/web/popup.myhelper.website/public_html/framework/web/CWebApplication.php(141): CWebApplication->runController()
#3 /home/admin/web/popup.myhelper.website/public_html/framework/base/CApplication.php(185): CWebApplication->processRequest()
#4 /home/admin/web/popup.myhelper.website/public_html/popup/index.php(13): CApplication->run()
#5 {main}
REQUEST_URI=/gii
---
2022/06/11 08:32:26 [error] [exception.CHttpException.403] CHttpException: You are not allowed to access this page. in /home/admin/web/popup.myhelper.website/public_html/framework/gii/GiiModule.php:170
Stack trace:
#0 /home/admin/web/popup.myhelper.website/public_html/framework/web/CController.php(263): GiiModule->beforeControllerAction()
#1 /home/admin/web/popup.myhelper.website/public_html/framework/web/CWebApplication.php(282): CController->run()
#2 /home/admin/web/popup.myhelper.website/public_html/framework/web/CWebApplication.php(141): CWebApplication->runController()
#3 /home/admin/web/popup.myhelper.website/public_html/framework/base/CApplication.php(185): CWebApplication->processRequest()
#4 /home/admin/web/popup.myhelper.website/public_html/popup/index.php(13): CApplication->run()
#5 {main}
REQUEST_URI=/gii/default/index
HTTP_REFERER=https://popup.myhelper.website/gii
---
2022/06/11 08:32:27 [error] [exception.CHttpException.403] CHttpException: You are not allowed to access this page. in /home/admin/web/popup.myhelper.website/public_html/framework/gii/GiiModule.php:170
Stack trace:
#0 /home/admin/web/popup.myhelper.website/public_html/framework/web/CController.php(263): GiiModule->beforeControllerAction()
#1 /home/admin/web/popup.myhelper.website/public_html/framework/web/CWebApplication.php(282): CController->run()
#2 /home/admin/web/popup.myhelper.website/public_html/framework/web/CWebApplication.php(141): CWebApplication->runController()
#3 /home/admin/web/popup.myhelper.website/public_html/framework/base/CApplication.php(185): CWebApplication->processRequest()
#4 /home/admin/web/popup.myhelper.website/public_html/popup/index.php(13): CApplication->run()
#5 {main}
REQUEST_URI=/gii/default/index
HTTP_REFERER=https://popup.myhelper.website/gii/default/index
---
2022/06/11 08:32:28 [error] [exception.CHttpException.403] CHttpException: You are not allowed to access this page. in /home/admin/web/popup.myhelper.website/public_html/framework/gii/GiiModule.php:170
Stack trace:
#0 /home/admin/web/popup.myhelper.website/public_html/framework/web/CController.php(263): GiiModule->beforeControllerAction()
#1 /home/admin/web/popup.myhelper.website/public_html/framework/web/CWebApplication.php(282): CController->run()
#2 /home/admin/web/popup.myhelper.website/public_html/framework/web/CWebApplication.php(141): CWebApplication->runController()
#3 /home/admin/web/popup.myhelper.website/public_html/framework/base/CApplication.php(185): CWebApplication->processRequest()
#4 /home/admin/web/popup.myhelper.website/public_html/popup/index.php(13): CApplication->run()
#5 {main}
REQUEST_URI=/gii/default/index
HTTP_REFERER=https://popup.myhelper.website/gii/default/index
---
2022/06/11 08:32:29 [error] [exception.CHttpException.403] CHttpException: You are not allowed to access this page. in /home/admin/web/popup.myhelper.website/public_html/framework/gii/GiiModule.php:170
Stack trace:
#0 /home/admin/web/popup.myhelper.website/public_html/framework/web/CController.php(263): GiiModule->beforeControllerAction()
#1 /home/admin/web/popup.myhelper.website/public_html/framework/web/CWebApplication.php(282): CController->run()
#2 /home/admin/web/popup.myhelper.website/public_html/framework/web/CWebApplication.php(141): CWebApplication->runController()
#3 /home/admin/web/popup.myhelper.website/public_html/framework/base/CApplication.php(185): CWebApplication->processRequest()
#4 /home/admin/web/popup.myhelper.website/public_html/popup/index.php(13): CApplication->run()
#5 {main}
REQUEST_URI=/gii/default/index
HTTP_REFERER=https://popup.myhelper.website/gii/default/index
---
2022/06/11 08:32:36 [error] [exception.CHttpException.403] CHttpException: You are not allowed to access this page. in /home/admin/web/popup.myhelper.website/public_html/framework/gii/GiiModule.php:170
Stack trace:
#0 /home/admin/web/popup.myhelper.website/public_html/framework/web/CController.php(263): GiiModule->beforeControllerAction()
#1 /home/admin/web/popup.myhelper.website/public_html/framework/web/CWebApplication.php(282): CController->run()
#2 /home/admin/web/popup.myhelper.website/public_html/framework/web/CWebApplication.php(141): CWebApplication->runController()
#3 /home/admin/web/popup.myhelper.website/public_html/framework/base/CApplication.php(185): CWebApplication->processRequest()
#4 /home/admin/web/popup.myhelper.website/public_html/popup/index.php(13): CApplication->run()
#5 {main}
REQUEST_URI=/gii
---
2022/06/11 08:32:43 [error] [exception.CHttpException.403] CHttpException: You are not allowed to access this page. in /home/admin/web/popup.myhelper.website/public_html/framework/gii/GiiModule.php:170
Stack trace:
#0 /home/admin/web/popup.myhelper.website/public_html/framework/web/CController.php(263): GiiModule->beforeControllerAction()
#1 /home/admin/web/popup.myhelper.website/public_html/framework/web/CWebApplication.php(282): CController->run()
#2 /home/admin/web/popup.myhelper.website/public_html/framework/web/CWebApplication.php(141): CWebApplication->runController()
#3 /home/admin/web/popup.myhelper.website/public_html/framework/base/CApplication.php(185): CWebApplication->processRequest()
#4 /home/admin/web/popup.myhelper.website/public_html/popup/index.php(13): CApplication->run()
#5 {main}
REQUEST_URI=/gii
---
2022/06/11 08:33:00 [error] [exception.CHttpException.403] CHttpException: You are not allowed to access this page. in /home/admin/web/popup.myhelper.website/public_html/framework/gii/GiiModule.php:170
Stack trace:
#0 /home/admin/web/popup.myhelper.website/public_html/framework/web/CController.php(263): GiiModule->beforeControllerAction()
#1 /home/admin/web/popup.myhelper.website/public_html/framework/web/CWebApplication.php(282): CController->run()
#2 /home/admin/web/popup.myhelper.website/public_html/framework/web/CWebApplication.php(141): CWebApplication->runController()
#3 /home/admin/web/popup.myhelper.website/public_html/framework/base/CApplication.php(185): CWebApplication->processRequest()
#4 /home/admin/web/popup.myhelper.website/public_html/popup/index.php(13): CApplication->run()
#5 {main}
REQUEST_URI=/gii/default/index
HTTP_REFERER=https://popup.myhelper.website/gii
---
2022/06/11 08:33:04 [error] [exception.CHttpException.403] CHttpException: You are not allowed to access this page. in /home/admin/web/popup.myhelper.website/public_html/framework/gii/GiiModule.php:170
Stack trace:
#0 /home/admin/web/popup.myhelper.website/public_html/framework/web/CController.php(263): GiiModule->beforeControllerAction()
#1 /home/admin/web/popup.myhelper.website/public_html/framework/web/CWebApplication.php(282): CController->run()
#2 /home/admin/web/popup.myhelper.website/public_html/framework/web/CWebApplication.php(141): CWebApplication->runController()
#3 /home/admin/web/popup.myhelper.website/public_html/framework/base/CApplication.php(185): CWebApplication->processRequest()
#4 /home/admin/web/popup.myhelper.website/public_html/popup/index.php(13): CApplication->run()
#5 {main}
REQUEST_URI=/gii/default/index
HTTP_REFERER=https://popup.myhelper.website/gii
---
2022/06/11 08:33:24 [error] [exception.CHttpException.403] CHttpException: You are not allowed to access this page. in /home/admin/web/popup.myhelper.website/public_html/framework/gii/GiiModule.php:170
Stack trace:
#0 /home/admin/web/popup.myhelper.website/public_html/framework/web/CController.php(263): GiiModule->beforeControllerAction()
#1 /home/admin/web/popup.myhelper.website/public_html/framework/web/CWebApplication.php(282): CController->run()
#2 /home/admin/web/popup.myhelper.website/public_html/framework/web/CWebApplication.php(141): CWebApplication->runController()
#3 /home/admin/web/popup.myhelper.website/public_html/framework/base/CApplication.php(185): CWebApplication->processRequest()
#4 /home/admin/web/popup.myhelper.website/public_html/popup/index.php(13): CApplication->run()
#5 {main}
REQUEST_URI=/gii
---
2022/06/11 08:40:07 [error] [system.db.CDbCommand] CDbCommand::fetchAll() failed: SQLSTATE[42S02]: Base table or view not found: 1146 Table 'admin_test.popup' doesn't exist. The SQL statement executed was: SHOW FULL COLUMNS FROM `popup`.
in /home/admin/web/popup.myhelper.website/public_html/popup/index.php (13)
2022/06/11 08:40:35 [error] [exception.CHttpException.404] CHttpException: Unable to find the code you requested. in /home/admin/web/popup.myhelper.website/public_html/framework/gii/CCodeGenerator.php:90
Stack trace:
#0 /home/admin/web/popup.myhelper.website/public_html/framework/web/actions/CInlineAction.php(49): CCodeGenerator->actionCode()
#1 /home/admin/web/popup.myhelper.website/public_html/framework/web/CController.php(308): CInlineAction->runWithParams()
#2 /home/admin/web/popup.myhelper.website/public_html/framework/web/CController.php(286): CController->runAction()
#3 /home/admin/web/popup.myhelper.website/public_html/framework/web/CController.php(265): CController->runActionWithFilters()
#4 /home/admin/web/popup.myhelper.website/public_html/framework/web/CWebApplication.php(282): CController->run()
#5 /home/admin/web/popup.myhelper.website/public_html/framework/web/CWebApplication.php(141): CWebApplication->runController()
#6 /home/admin/web/popup.myhelper.website/public_html/framework/base/CApplication.php(185): CWebApplication->processRequest()
#7 /home/admin/web/popup.myhelper.website/public_html/popup/index.php(13): CApplication->run()
#8 {main}
REQUEST_URI=/gii/model/code/id/0
HTTP_REFERER=https://popup.myhelper.website/gii/model/index
---
2022/06/11 08:43:11 [error] [exception.CHttpException.404] CHttpException: The system is unable to find the requested action "popup". in /home/admin/web/popup.myhelper.website/public_html/framework/web/CController.php:486
Stack trace:
#0 /home/admin/web/popup.myhelper.website/public_html/framework/web/CController.php(270): CController->missingAction()
#1 /home/admin/web/popup.myhelper.website/public_html/framework/web/CWebApplication.php(282): CController->run()
#2 /home/admin/web/popup.myhelper.website/public_html/framework/web/CWebApplication.php(141): CWebApplication->runController()
#3 /home/admin/web/popup.myhelper.website/public_html/framework/base/CApplication.php(185): CWebApplication->processRequest()
#4 /home/admin/web/popup.myhelper.website/public_html/popup/index.php(13): CApplication->run()
#5 {main}
REQUEST_URI=/site/popup
---
2022/06/11 08:44:56 [error] [exception.CHttpException.403] CHttpException: You are not authorized to perform this action. in /home/admin/web/popup.myhelper.website/public_html/framework/web/auth/CAccessControlFilter.php:183
Stack trace:
#0 /home/admin/web/popup.myhelper.website/public_html/framework/web/auth/CAccessControlFilter.php(145): CAccessControlFilter->accessDenied()
#1 /home/admin/web/popup.myhelper.website/public_html/framework/web/filters/CFilter.php(38): CAccessControlFilter->preFilter()
#2 /home/admin/web/popup.myhelper.website/public_html/framework/web/CController.php(1148): CFilter->filter()
#3 /home/admin/web/popup.myhelper.website/public_html/framework/web/filters/CInlineFilter.php(58): CController->filterAccessControl()
#4 /home/admin/web/popup.myhelper.website/public_html/framework/web/filters/CFilterChain.php(131): CInlineFilter->filter()
#5 /home/admin/web/popup.myhelper.website/public_html/framework/web/CController.php(291): CFilterChain->run()
#6 /home/admin/web/popup.myhelper.website/public_html/framework/web/CController.php(265): CController->runActionWithFilters()
#7 /home/admin/web/popup.myhelper.website/public_html/framework/web/CWebApplication.php(282): CController->run()
#8 /home/admin/web/popup.myhelper.website/public_html/framework/web/CWebApplication.php(141): CWebApplication->runController()
#9 /home/admin/web/popup.myhelper.website/public_html/framework/base/CApplication.php(185): CWebApplication->processRequest()
#10 /home/admin/web/popup.myhelper.website/public_html/popup/index.php(13): CApplication->run()
#11 {main}
REQUEST_URI=/popup/admin
HTTP_REFERER=https://popup.myhelper.website/popup
---
2022/06/11 08:46:17 [error] [exception.CHttpException.403] CHttpException: You are not authorized to perform this action. in /home/admin/web/popup.myhelper.website/public_html/framework/web/auth/CAccessControlFilter.php:183
Stack trace:
#0 /home/admin/web/popup.myhelper.website/public_html/framework/web/auth/CAccessControlFilter.php(145): CAccessControlFilter->accessDenied()
#1 /home/admin/web/popup.myhelper.website/public_html/framework/web/filters/CFilter.php(38): CAccessControlFilter->preFilter()
#2 /home/admin/web/popup.myhelper.website/public_html/framework/web/CController.php(1148): CFilter->filter()
#3 /home/admin/web/popup.myhelper.website/public_html/framework/web/filters/CInlineFilter.php(58): CController->filterAccessControl()
#4 /home/admin/web/popup.myhelper.website/public_html/framework/web/filters/CFilterChain.php(131): CInlineFilter->filter()
#5 /home/admin/web/popup.myhelper.website/public_html/framework/web/CController.php(291): CFilterChain->run()
#6 /home/admin/web/popup.myhelper.website/public_html/framework/web/CController.php(265): CController->runActionWithFilters()
#7 /home/admin/web/popup.myhelper.website/public_html/framework/web/CWebApplication.php(282): CController->run()
#8 /home/admin/web/popup.myhelper.website/public_html/framework/web/CWebApplication.php(141): CWebApplication->runController()
#9 /home/admin/web/popup.myhelper.website/public_html/framework/base/CApplication.php(185): CWebApplication->processRequest()
#10 /home/admin/web/popup.myhelper.website/public_html/popup/index.php(13): CApplication->run()
#11 {main}
REQUEST_URI=/popup/admin
HTTP_REFERER=https://popup.myhelper.website/popup/index
---
2022/06/11 08:53:24 [error] [exception.ParseError] ParseError: syntax error, unexpected single-quoted string "isOn", expecting ")" in /home/admin/web/popup.myhelper.website/public_html/popup/protected/migrations/m220611_081629_create_popup_table.php:12
Stack trace:
#0 /home/admin/web/popup.myhelper.website/public_html/framework/cli/commands/MigrateCommand.php(439): MigrateCommand->instantiateMigration()
#1 /home/admin/web/popup.myhelper.website/public_html/framework/cli/commands/MigrateCommand.php(145): MigrateCommand->migrateDown()
#2 [internal function]: MigrateCommand->actionDown()
#3 /home/admin/web/popup.myhelper.website/public_html/framework/console/CConsoleCommand.php(178): ReflectionMethod->invokeArgs()
#4 /home/admin/web/popup.myhelper.website/public_html/framework/console/CConsoleCommandRunner.php(71): CConsoleCommand->run()
#5 /home/admin/web/popup.myhelper.website/public_html/framework/console/CConsoleApplication.php(92): CConsoleCommandRunner->run()
#6 /home/admin/web/popup.myhelper.website/public_html/framework/base/CApplication.php(185): CConsoleApplication->processRequest()
#7 /home/admin/web/popup.myhelper.website/public_html/framework/yiic.php(33): CApplication->run()
#8 /home/admin/web/popup.myhelper.website/public_html/popup/protected/yiic.php(7): require_once('...')
#9 /home/admin/web/popup.myhelper.website/public_html/popup/protected/yiic(4): require_once('...')
#10 {main}
---
2022/06/11 08:53:51 [error] [exception.ParseError] ParseError: syntax error, unexpected single-quoted string "isOn", expecting ")" in /home/admin/web/popup.myhelper.website/public_html/popup/protected/migrations/m220611_081629_create_popup_table.php:12
Stack trace:
#0 /home/admin/web/popup.myhelper.website/public_html/framework/cli/commands/MigrateCommand.php(439): MigrateCommand->instantiateMigration()
#1 /home/admin/web/popup.myhelper.website/public_html/framework/cli/commands/MigrateCommand.php(145): MigrateCommand->migrateDown()
#2 [internal function]: MigrateCommand->actionDown()
#3 /home/admin/web/popup.myhelper.website/public_html/framework/console/CConsoleCommand.php(178): ReflectionMethod->invokeArgs()
#4 /home/admin/web/popup.myhelper.website/public_html/framework/console/CConsoleCommandRunner.php(71): CConsoleCommand->run()
#5 /home/admin/web/popup.myhelper.website/public_html/framework/console/CConsoleApplication.php(92): CConsoleCommandRunner->run()
#6 /home/admin/web/popup.myhelper.website/public_html/framework/base/CApplication.php(185): CConsoleApplication->processRequest()
#7 /home/admin/web/popup.myhelper.website/public_html/framework/yiic.php(33): CApplication->run()
#8 /home/admin/web/popup.myhelper.website/public_html/popup/protected/yiic.php(7): require_once('...')
#9 /home/admin/web/popup.myhelper.website/public_html/popup/protected/yiic(4): require_once('...')
#10 {main}
---
2022/06/11 08:54:07 [error] [exception.ParseError] ParseError: syntax error, unexpected single-quoted string "isOn", expecting ")" in /home/admin/web/popup.myhelper.website/public_html/popup/protected/migrations/m220611_081629_create_popup_table.php:12
Stack trace:
#0 /home/admin/web/popup.myhelper.website/public_html/framework/cli/commands/MigrateCommand.php(439): MigrateCommand->instantiateMigration()
#1 /home/admin/web/popup.myhelper.website/public_html/framework/cli/commands/MigrateCommand.php(145): MigrateCommand->migrateDown()
#2 [internal function]: MigrateCommand->actionDown()
#3 /home/admin/web/popup.myhelper.website/public_html/framework/console/CConsoleCommand.php(178): ReflectionMethod->invokeArgs()
#4 /home/admin/web/popup.myhelper.website/public_html/framework/console/CConsoleCommandRunner.php(71): CConsoleCommand->run()
#5 /home/admin/web/popup.myhelper.website/public_html/framework/console/CConsoleApplication.php(92): CConsoleCommandRunner->run()
#6 /home/admin/web/popup.myhelper.website/public_html/framework/base/CApplication.php(185): CConsoleApplication->processRequest()
#7 /home/admin/web/popup.myhelper.website/public_html/framework/yiic.php(33): CApplication->run()
#8 /home/admin/web/popup.myhelper.website/public_html/popup/protected/yiic.php(7): require_once('...')
#9 /home/admin/web/popup.myhelper.website/public_html/popup/protected/yiic(4): require_once('...')
#10 {main}
---
2022/06/11 08:55:11 [error] [system.db.CDbCommand] CDbCommand::execute() failed: SQLSTATE[42000]: Syntax error or access violation: 1064 You have an error in your SQL syntax; check the manual that corresponds to your MariaDB server version for the right syntax to use near '0,
	`isOn` tinyint(1)
)' at line 5. The SQL statement executed was: CREATE TABLE `tbl_popup` (
	`id` int(11) NOT NULL AUTO_INCREMENT PRIMARY KEY,
	`name` varchar(255) NOT NULL,
	`content` text,
	`use_count` int(11) 0,
	`isOn` tinyint(1)
).
2022/06/11 08:55:11 [error] [exception.CDbException] CDbException: CDbCommand failed to execute the SQL statement: SQLSTATE[42000]: Syntax error or access violation: 1064 You have an error in your SQL syntax; check the manual that corresponds to your MariaDB server version for the right syntax to use near '0,
	`isOn` tinyint(1)
)' at line 5. The SQL statement executed was: CREATE TABLE `tbl_popup` (
	`id` int(11) NOT NULL AUTO_INCREMENT PRIMARY KEY,
	`name` varchar(255) NOT NULL,
	`content` text,
	`use_count` int(11) 0,
	`isOn` tinyint(1)
) in /home/admin/web/popup.myhelper.website/public_html/framework/db/CDbCommand.php:358
Stack trace:
#0 /home/admin/web/popup.myhelper.website/public_html/framework/db/CDbCommand.php(1352): CDbCommand->execute()
#1 /home/admin/web/popup.myhelper.website/public_html/framework/db/CDbMigration.php(250): CDbCommand->createTable()
#2 /home/admin/web/popup.myhelper.website/public_html/popup/protected/migrations/m220611_081629_create_popup_table.php(8): CDbMigration->createTable()
#3 /home/admin/web/popup.myhelper.website/public_html/framework/cli/commands/MigrateCommand.php(415): m220611_081629_create_popup_table->up()
#4 /home/admin/web/popup.myhelper.website/public_html/framework/cli/commands/MigrateCommand.php(109): MigrateCommand->migrateUp()
#5 [internal function]: MigrateCommand->actionUp()
#6 /home/admin/web/popup.myhelper.website/public_html/framework/console/CConsoleCommand.php(178): ReflectionMethod->invokeArgs()
#7 /home/admin/web/popup.myhelper.website/public_html/framework/console/CConsoleCommandRunner.php(71): CConsoleCommand->run()
#8 /home/admin/web/popup.myhelper.website/public_html/framework/console/CConsoleApplication.php(92): CConsoleCommandRunner->run()
#9 /home/admin/web/popup.myhelper.website/public_html/framework/base/CApplication.php(185): CConsoleApplication->processRequest()
#10 /home/admin/web/popup.myhelper.website/public_html/framework/yiic.php(33): CApplication->run()
#11 /home/admin/web/popup.myhelper.website/public_html/popup/protected/yiic.php(7): require_once('...')
#12 /home/admin/web/popup.myhelper.website/public_html/popup/protected/yiic(4): require_once('...')
#13 {main}
---
2022/06/11 09:10:44 [error] [exception.CHttpException.404] CHttpException: Unable to resolve the request "favicon.ico". in /home/admin/web/popup.myhelper.website/public_html/framework/web/CWebApplication.php:286
Stack trace:
#0 /home/admin/web/popup.myhelper.website/public_html/framework/web/CWebApplication.php(141): CWebApplication->runController()
#1 /home/admin/web/popup.myhelper.website/public_html/framework/base/CApplication.php(185): CWebApplication->processRequest()
#2 /home/admin/web/popup.myhelper.website/public_html/popup/index.php(13): CApplication->run()
#3 {main}
REQUEST_URI=/favicon.ico
---
2022/06/11 09:14:36 [error] [exception.CException] CException: Property "CDbCriteria.id" is not defined. in /home/admin/web/popup.myhelper.website/public_html/framework/base/CComponent.php:173
Stack trace:
#0 /home/admin/web/popup.myhelper.website/public_html/framework/db/schema/CDbCriteria.php(160): CComponent->__set()
#1 /home/admin/web/popup.myhelper.website/public_html/framework/db/schema/CDbCommandBuilder.php(588): CDbCriteria->__construct()
#2 /home/admin/web/popup.myhelper.website/public_html/framework/db/ar/CActiveRecord.php(1463): CDbCommandBuilder->createCriteria()
#3 /home/admin/web/popup.myhelper.website/public_html/popup/protected/controllers/ScriptController.php(20): CActiveRecord->find()
#4 [internal function]: ScriptController->actionIndex()
#5 /home/admin/web/popup.myhelper.website/public_html/framework/web/actions/CAction.php(115): ReflectionMethod->invokeArgs()
#6 /home/admin/web/popup.myhelper.website/public_html/framework/web/actions/CInlineAction.php(47): CAction->runWithParamsInternal()
#7 /home/admin/web/popup.myhelper.website/public_html/framework/web/CController.php(308): CInlineAction->runWithParams()
#8 /home/admin/web/popup.myhelper.website/public_html/framework/web/CController.php(286): CController->runAction()
#9 /home/admin/web/popup.myhelper.website/public_html/framework/web/CController.php(265): CController->runActionWithFilters()
#10 /home/admin/web/popup.myhelper.website/public_html/framework/web/CWebApplication.php(282): CController->run()
#11 /home/admin/web/popup.myhelper.website/public_html/framework/web/CWebApplication.php(141): CWebApplication->runController()
#12 /home/admin/web/popup.myhelper.website/public_html/framework/base/CApplication.php(185): CWebApplication->processRequest()
#13 /home/admin/web/popup.myhelper.website/public_html/popup/index.php(13): CApplication->run()
#14 {main}
REQUEST_URI=/script?id=1
---
2022/06/11 09:18:43 [error] [system.db.CDbCommand] CDbCommand::fetch() failed: SQLSTATE[42000]: Syntax error or access violation: 1064 You have an error in your SQL syntax; check the manual that corresponds to your MariaDB server version for the right syntax to use near ':=1 LIMIT 1' at line 1. The SQL statement executed was: SELECT * FROM `tbl_popup` `t` WHERE id:=1 LIMIT 1.
in /home/admin/web/popup.myhelper.website/public_html/popup/protected/controllers/ScriptController.php (21)
in /home/admin/web/popup.myhelper.website/public_html/popup/index.php (13)
2022/06/11 09:18:43 [error] [exception.CDbException] CDbException: CDbCommand failed to execute the SQL statement: SQLSTATE[42000]: Syntax error or access violation: 1064 You have an error in your SQL syntax; check the manual that corresponds to your MariaDB server version for the right syntax to use near ':=1 LIMIT 1' at line 1. The SQL statement executed was: SELECT * FROM `tbl_popup` `t` WHERE id:=1 LIMIT 1 in /home/admin/web/popup.myhelper.website/public_html/framework/db/CDbCommand.php:543
Stack trace:
#0 /home/admin/web/popup.myhelper.website/public_html/framework/db/CDbCommand.php(415): CDbCommand->queryInternal()
#1 /home/admin/web/popup.myhelper.website/public_html/framework/db/ar/CActiveRecord.php(1359): CDbCommand->queryRow()
#2 /home/admin/web/popup.myhelper.website/public_html/framework/db/ar/CActiveRecord.php(1464): CActiveRecord->query()
#3 /home/admin/web/popup.myhelper.website/public_html/popup/protected/controllers/ScriptController.php(21): CActiveRecord->find()
#4 [internal function]: ScriptController->actionIndex()
#5 /home/admin/web/popup.myhelper.website/public_html/framework/web/actions/CAction.php(115): ReflectionMethod->invokeArgs()
#6 /home/admin/web/popup.myhelper.website/public_html/framework/web/actions/CInlineAction.php(47): CAction->runWithParamsInternal()
#7 /home/admin/web/popup.myhelper.website/public_html/framework/web/CController.php(308): CInlineAction->runWithParams()
#8 /home/admin/web/popup.myhelper.website/public_html/framework/web/CController.php(286): CController->runAction()
#9 /home/admin/web/popup.myhelper.website/public_html/framework/web/CController.php(265): CController->runActionWithFilters()
#10 /home/admin/web/popup.myhelper.website/public_html/framework/web/CWebApplication.php(282): CController->run()
#11 /home/admin/web/popup.myhelper.website/public_html/framework/web/CWebApplication.php(141): CWebApplication->runController()
#12 /home/admin/web/popup.myhelper.website/public_html/framework/base/CApplication.php(185): CWebApplication->processRequest()
#13 /home/admin/web/popup.myhelper.website/public_html/popup/index.php(13): CApplication->run()
#14 {main}
REQUEST_URI=/script?id=1
---
2022/06/11 09:19:04 [error] [system.db.CDbCommand] CDbCommand::fetch() failed: SQLSTATE[42000]: Syntax error or access violation: 1064 You have an error in your SQL syntax; check the manual that corresponds to your MariaDB server version for the right syntax to use near ':1 LIMIT 1' at line 1. The SQL statement executed was: SELECT * FROM `tbl_popup` `t` WHERE id=:1 LIMIT 1.
in /home/admin/web/popup.myhelper.website/public_html/popup/protected/controllers/ScriptController.php (21)
in /home/admin/web/popup.myhelper.website/public_html/popup/index.php (13)
2022/06/11 09:19:04 [error] [exception.CDbException] CDbException: CDbCommand failed to execute the SQL statement: SQLSTATE[42000]: Syntax error or access violation: 1064 You have an error in your SQL syntax; check the manual that corresponds to your MariaDB server version for the right syntax to use near ':1 LIMIT 1' at line 1. The SQL statement executed was: SELECT * FROM `tbl_popup` `t` WHERE id=:1 LIMIT 1 in /home/admin/web/popup.myhelper.website/public_html/framework/db/CDbCommand.php:543
Stack trace:
#0 /home/admin/web/popup.myhelper.website/public_html/framework/db/CDbCommand.php(415): CDbCommand->queryInternal()
#1 /home/admin/web/popup.myhelper.website/public_html/framework/db/ar/CActiveRecord.php(1359): CDbCommand->queryRow()
#2 /home/admin/web/popup.myhelper.website/public_html/framework/db/ar/CActiveRecord.php(1464): CActiveRecord->query()
#3 /home/admin/web/popup.myhelper.website/public_html/popup/protected/controllers/ScriptController.php(21): CActiveRecord->find()
#4 [internal function]: ScriptController->actionIndex()
#5 /home/admin/web/popup.myhelper.website/public_html/framework/web/actions/CAction.php(115): ReflectionMethod->invokeArgs()
#6 /home/admin/web/popup.myhelper.website/public_html/framework/web/actions/CInlineAction.php(47): CAction->runWithParamsInternal()
#7 /home/admin/web/popup.myhelper.website/public_html/framework/web/CController.php(308): CInlineAction->runWithParams()
#8 /home/admin/web/popup.myhelper.website/public_html/framework/web/CController.php(286): CController->runAction()
#9 /home/admin/web/popup.myhelper.website/public_html/framework/web/CController.php(265): CController->runActionWithFilters()
#10 /home/admin/web/popup.myhelper.website/public_html/framework/web/CWebApplication.php(282): CController->run()
#11 /home/admin/web/popup.myhelper.website/public_html/framework/web/CWebApplication.php(141): CWebApplication->runController()
#12 /home/admin/web/popup.myhelper.website/public_html/framework/base/CApplication.php(185): CWebApplication->processRequest()
#13 /home/admin/web/popup.myhelper.website/public_html/popup/index.php(13): CApplication->run()
#14 {main}
REQUEST_URI=/script?id=1
---
2022/06/11 09:24:27 [error] [exception.CException] CException: TblPopup and its behaviors do not have a method or closure named "where". in /home/admin/web/popup.myhelper.website/public_html/framework/base/CComponent.php:266
Stack trace:
#0 /home/admin/web/popup.myhelper.website/public_html/framework/db/ar/CActiveRecord.php(229): CComponent->__call()
#1 /home/admin/web/popup.myhelper.website/public_html/popup/protected/controllers/ScriptController.php(21): CActiveRecord->__call()
#2 [internal function]: ScriptController->actionIndex()
#3 /home/admin/web/popup.myhelper.website/public_html/framework/web/actions/CAction.php(115): ReflectionMethod->invokeArgs()
#4 /home/admin/web/popup.myhelper.website/public_html/framework/web/actions/CInlineAction.php(47): CAction->runWithParamsInternal()
#5 /home/admin/web/popup.myhelper.website/public_html/framework/web/CController.php(308): CInlineAction->runWithParams()
#6 /home/admin/web/popup.myhelper.website/public_html/framework/web/CController.php(286): CController->runAction()
#7 /home/admin/web/popup.myhelper.website/public_html/framework/web/CController.php(265): CController->runActionWithFilters()
#8 /home/admin/web/popup.myhelper.website/public_html/framework/web/CWebApplication.php(282): CController->run()
#9 /home/admin/web/popup.myhelper.website/public_html/framework/web/CWebApplication.php(141): CWebApplication->runController()
#10 /home/admin/web/popup.myhelper.website/public_html/framework/base/CApplication.php(185): CWebApplication->processRequest()
#11 /home/admin/web/popup.myhelper.website/public_html/popup/index.php(13): CApplication->run()
#12 {main}
REQUEST_URI=/script?id=1
---
2022/06/11 09:24:41 [error] [exception.CException] CException: TblPopup and its behaviors do not have a method or closure named "one". in /home/admin/web/popup.myhelper.website/public_html/framework/base/CComponent.php:266
Stack trace:
#0 /home/admin/web/popup.myhelper.website/public_html/framework/db/ar/CActiveRecord.php(229): CComponent->__call()
#1 /home/admin/web/popup.myhelper.website/public_html/popup/protected/controllers/ScriptController.php(21): CActiveRecord->__call()
#2 [internal function]: ScriptController->actionIndex()
#3 /home/admin/web/popup.myhelper.website/public_html/framework/web/actions/CAction.php(115): ReflectionMethod->invokeArgs()
#4 /home/admin/web/popup.myhelper.website/public_html/framework/web/actions/CInlineAction.php(47): CAction->runWithParamsInternal()
#5 /home/admin/web/popup.myhelper.website/public_html/framework/web/CController.php(308): CInlineAction->runWithParams()
#6 /home/admin/web/popup.myhelper.website/public_html/framework/web/CController.php(286): CController->runAction()
#7 /home/admin/web/popup.myhelper.website/public_html/framework/web/CController.php(265): CController->runActionWithFilters()
#8 /home/admin/web/popup.myhelper.website/public_html/framework/web/CWebApplication.php(282): CController->run()
#9 /home/admin/web/popup.myhelper.website/public_html/framework/web/CWebApplication.php(141): CWebApplication->runController()
#10 /home/admin/web/popup.myhelper.website/public_html/framework/base/CApplication.php(185): CWebApplication->processRequest()
#11 /home/admin/web/popup.myhelper.website/public_html/popup/index.php(13): CApplication->run()
#12 {main}
REQUEST_URI=/script?id=1
---
2022/06/11 09:24:42 [error] [exception.CException] CException: TblPopup and its behaviors do not have a method or closure named "one". in /home/admin/web/popup.myhelper.website/public_html/framework/base/CComponent.php:266
Stack trace:
#0 /home/admin/web/popup.myhelper.website/public_html/framework/db/ar/CActiveRecord.php(229): CComponent->__call()
#1 /home/admin/web/popup.myhelper.website/public_html/popup/protected/controllers/ScriptController.php(21): CActiveRecord->__call()
#2 [internal function]: ScriptController->actionIndex()
#3 /home/admin/web/popup.myhelper.website/public_html/framework/web/actions/CAction.php(115): ReflectionMethod->invokeArgs()
#4 /home/admin/web/popup.myhelper.website/public_html/framework/web/actions/CInlineAction.php(47): CAction->runWithParamsInternal()
#5 /home/admin/web/popup.myhelper.website/public_html/framework/web/CController.php(308): CInlineAction->runWithParams()
#6 /home/admin/web/popup.myhelper.website/public_html/framework/web/CController.php(286): CController->runAction()
#7 /home/admin/web/popup.myhelper.website/public_html/framework/web/CController.php(265): CController->runActionWithFilters()
#8 /home/admin/web/popup.myhelper.website/public_html/framework/web/CWebApplication.php(282): CController->run()
#9 /home/admin/web/popup.myhelper.website/public_html/framework/web/CWebApplication.php(141): CWebApplication->runController()
#10 /home/admin/web/popup.myhelper.website/public_html/framework/base/CApplication.php(185): CWebApplication->processRequest()
#11 /home/admin/web/popup.myhelper.website/public_html/popup/index.php(13): CApplication->run()
#12 {main}
REQUEST_URI=/script?id=1
---
2022/06/11 09:24:42 [error] [exception.CException] CException: TblPopup and its behaviors do not have a method or closure named "one". in /home/admin/web/popup.myhelper.website/public_html/framework/base/CComponent.php:266
Stack trace:
#0 /home/admin/web/popup.myhelper.website/public_html/framework/db/ar/CActiveRecord.php(229): CComponent->__call()
#1 /home/admin/web/popup.myhelper.website/public_html/popup/protected/controllers/ScriptController.php(21): CActiveRecord->__call()
#2 [internal function]: ScriptController->actionIndex()
#3 /home/admin/web/popup.myhelper.website/public_html/framework/web/actions/CAction.php(115): ReflectionMethod->invokeArgs()
#4 /home/admin/web/popup.myhelper.website/public_html/framework/web/actions/CInlineAction.php(47): CAction->runWithParamsInternal()
#5 /home/admin/web/popup.myhelper.website/public_html/framework/web/CController.php(308): CInlineAction->runWithParams()
#6 /home/admin/web/popup.myhelper.website/public_html/framework/web/CController.php(286): CController->runAction()
#7 /home/admin/web/popup.myhelper.website/public_html/framework/web/CController.php(265): CController->runActionWithFilters()
#8 /home/admin/web/popup.myhelper.website/public_html/framework/web/CWebApplication.php(282): CController->run()
#9 /home/admin/web/popup.myhelper.website/public_html/framework/web/CWebApplication.php(141): CWebApplication->runController()
#10 /home/admin/web/popup.myhelper.website/public_html/framework/base/CApplication.php(185): CWebApplication->processRequest()
#11 /home/admin/web/popup.myhelper.website/public_html/popup/index.php(13): CApplication->run()
#12 {main}
REQUEST_URI=/script?id=1
---
2022/06/11 09:24:42 [error] [exception.CException] CException: TblPopup and its behaviors do not have a method or closure named "one". in /home/admin/web/popup.myhelper.website/public_html/framework/base/CComponent.php:266
Stack trace:
#0 /home/admin/web/popup.myhelper.website/public_html/framework/db/ar/CActiveRecord.php(229): CComponent->__call()
#1 /home/admin/web/popup.myhelper.website/public_html/popup/protected/controllers/ScriptController.php(21): CActiveRecord->__call()
#2 [internal function]: ScriptController->actionIndex()
#3 /home/admin/web/popup.myhelper.website/public_html/framework/web/actions/CAction.php(115): ReflectionMethod->invokeArgs()
#4 /home/admin/web/popup.myhelper.website/public_html/framework/web/actions/CInlineAction.php(47): CAction->runWithParamsInternal()
#5 /home/admin/web/popup.myhelper.website/public_html/framework/web/CController.php(308): CInlineAction->runWithParams()
#6 /home/admin/web/popup.myhelper.website/public_html/framework/web/CController.php(286): CController->runAction()
#7 /home/admin/web/popup.myhelper.website/public_html/framework/web/CController.php(265): CController->runActionWithFilters()
#8 /home/admin/web/popup.myhelper.website/public_html/framework/web/CWebApplication.php(282): CController->run()
#9 /home/admin/web/popup.myhelper.website/public_html/framework/web/CWebApplication.php(141): CWebApplication->runController()
#10 /home/admin/web/popup.myhelper.website/public_html/framework/base/CApplication.php(185): CWebApplication->processRequest()
#11 /home/admin/web/popup.myhelper.website/public_html/popup/index.php(13): CApplication->run()
#12 {main}
REQUEST_URI=/script?id=1
---
2022/06/11 09:24:51 [error] [exception.CException] CException: TblPopup and its behaviors do not have a method or closure named "all". in /home/admin/web/popup.myhelper.website/public_html/framework/base/CComponent.php:266
Stack trace:
#0 /home/admin/web/popup.myhelper.website/public_html/framework/db/ar/CActiveRecord.php(229): CComponent->__call()
#1 /home/admin/web/popup.myhelper.website/public_html/popup/protected/controllers/ScriptController.php(21): CActiveRecord->__call()
#2 [internal function]: ScriptController->actionIndex()
#3 /home/admin/web/popup.myhelper.website/public_html/framework/web/actions/CAction.php(115): ReflectionMethod->invokeArgs()
#4 /home/admin/web/popup.myhelper.website/public_html/framework/web/actions/CInlineAction.php(47): CAction->runWithParamsInternal()
#5 /home/admin/web/popup.myhelper.website/public_html/framework/web/CController.php(308): CInlineAction->runWithParams()
#6 /home/admin/web/popup.myhelper.website/public_html/framework/web/CController.php(286): CController->runAction()
#7 /home/admin/web/popup.myhelper.website/public_html/framework/web/CController.php(265): CController->runActionWithFilters()
#8 /home/admin/web/popup.myhelper.website/public_html/framework/web/CWebApplication.php(282): CController->run()
#9 /home/admin/web/popup.myhelper.website/public_html/framework/web/CWebApplication.php(141): CWebApplication->runController()
#10 /home/admin/web/popup.myhelper.website/public_html/framework/base/CApplication.php(185): CWebApplication->processRequest()
#11 /home/admin/web/popup.myhelper.website/public_html/popup/index.php(13): CApplication->run()
#12 {main}
REQUEST_URI=/script?id=1
---
2022/06/11 09:24:52 [error] [exception.CException] CException: TblPopup and its behaviors do not have a method or closure named "all". in /home/admin/web/popup.myhelper.website/public_html/framework/base/CComponent.php:266
Stack trace:
#0 /home/admin/web/popup.myhelper.website/public_html/framework/db/ar/CActiveRecord.php(229): CComponent->__call()
#1 /home/admin/web/popup.myhelper.website/public_html/popup/protected/controllers/ScriptController.php(21): CActiveRecord->__call()
#2 [internal function]: ScriptController->actionIndex()
#3 /home/admin/web/popup.myhelper.website/public_html/framework/web/actions/CAction.php(115): ReflectionMethod->invokeArgs()
#4 /home/admin/web/popup.myhelper.website/public_html/framework/web/actions/CInlineAction.php(47): CAction->runWithParamsInternal()
#5 /home/admin/web/popup.myhelper.website/public_html/framework/web/CController.php(308): CInlineAction->runWithParams()
#6 /home/admin/web/popup.myhelper.website/public_html/framework/web/CController.php(286): CController->runAction()
#7 /home/admin/web/popup.myhelper.website/public_html/framework/web/CController.php(265): CController->runActionWithFilters()
#8 /home/admin/web/popup.myhelper.website/public_html/framework/web/CWebApplication.php(282): CController->run()
#9 /home/admin/web/popup.myhelper.website/public_html/framework/web/CWebApplication.php(141): CWebApplication->runController()
#10 /home/admin/web/popup.myhelper.website/public_html/framework/base/CApplication.php(185): CWebApplication->processRequest()
#11 /home/admin/web/popup.myhelper.website/public_html/popup/index.php(13): CApplication->run()
#12 {main}
REQUEST_URI=/script?id=1
---
2022/06/11 09:24:52 [error] [exception.CException] CException: TblPopup and its behaviors do not have a method or closure named "all". in /home/admin/web/popup.myhelper.website/public_html/framework/base/CComponent.php:266
Stack trace:
#0 /home/admin/web/popup.myhelper.website/public_html/framework/db/ar/CActiveRecord.php(229): CComponent->__call()
#1 /home/admin/web/popup.myhelper.website/public_html/popup/protected/controllers/ScriptController.php(21): CActiveRecord->__call()
#2 [internal function]: ScriptController->actionIndex()
#3 /home/admin/web/popup.myhelper.website/public_html/framework/web/actions/CAction.php(115): ReflectionMethod->invokeArgs()
#4 /home/admin/web/popup.myhelper.website/public_html/framework/web/actions/CInlineAction.php(47): CAction->runWithParamsInternal()
#5 /home/admin/web/popup.myhelper.website/public_html/framework/web/CController.php(308): CInlineAction->runWithParams()
#6 /home/admin/web/popup.myhelper.website/public_html/framework/web/CController.php(286): CController->runAction()
#7 /home/admin/web/popup.myhelper.website/public_html/framework/web/CController.php(265): CController->runActionWithFilters()
#8 /home/admin/web/popup.myhelper.website/public_html/framework/web/CWebApplication.php(282): CController->run()
#9 /home/admin/web/popup.myhelper.website/public_html/framework/web/CWebApplication.php(141): CWebApplication->runController()
#10 /home/admin/web/popup.myhelper.website/public_html/framework/base/CApplication.php(185): CWebApplication->processRequest()
#11 /home/admin/web/popup.myhelper.website/public_html/popup/index.php(13): CApplication->run()
#12 {main}
REQUEST_URI=/script?id=1
---
2022/06/11 09:24:53 [error] [exception.CException] CException: TblPopup and its behaviors do not have a method or closure named "all". in /home/admin/web/popup.myhelper.website/public_html/framework/base/CComponent.php:266
Stack trace:
#0 /home/admin/web/popup.myhelper.website/public_html/framework/db/ar/CActiveRecord.php(229): CComponent->__call()
#1 /home/admin/web/popup.myhelper.website/public_html/popup/protected/controllers/ScriptController.php(21): CActiveRecord->__call()
#2 [internal function]: ScriptController->actionIndex()
#3 /home/admin/web/popup.myhelper.website/public_html/framework/web/actions/CAction.php(115): ReflectionMethod->invokeArgs()
#4 /home/admin/web/popup.myhelper.website/public_html/framework/web/actions/CInlineAction.php(47): CAction->runWithParamsInternal()
#5 /home/admin/web/popup.myhelper.website/public_html/framework/web/CController.php(308): CInlineAction->runWithParams()
#6 /home/admin/web/popup.myhelper.website/public_html/framework/web/CController.php(286): CController->runAction()
#7 /home/admin/web/popup.myhelper.website/public_html/framework/web/CController.php(265): CController->runActionWithFilters()
#8 /home/admin/web/popup.myhelper.website/public_html/framework/web/CWebApplication.php(282): CController->run()
#9 /home/admin/web/popup.myhelper.website/public_html/framework/web/CWebApplication.php(141): CWebApplication->runController()
#10 /home/admin/web/popup.myhelper.website/public_html/framework/base/CApplication.php(185): CWebApplication->processRequest()
#11 /home/admin/web/popup.myhelper.website/public_html/popup/index.php(13): CApplication->run()
#12 {main}
REQUEST_URI=/script?id=1
---
2022/06/11 09:24:53 [error] [exception.CException] CException: TblPopup and its behaviors do not have a method or closure named "all". in /home/admin/web/popup.myhelper.website/public_html/framework/base/CComponent.php:266
Stack trace:
#0 /home/admin/web/popup.myhelper.website/public_html/framework/db/ar/CActiveRecord.php(229): CComponent->__call()
#1 /home/admin/web/popup.myhelper.website/public_html/popup/protected/controllers/ScriptController.php(21): CActiveRecord->__call()
#2 [internal function]: ScriptController->actionIndex()
#3 /home/admin/web/popup.myhelper.website/public_html/framework/web/actions/CAction.php(115): ReflectionMethod->invokeArgs()
#4 /home/admin/web/popup.myhelper.website/public_html/framework/web/actions/CInlineAction.php(47): CAction->runWithParamsInternal()
#5 /home/admin/web/popup.myhelper.website/public_html/framework/web/CController.php(308): CInlineAction->runWithParams()
#6 /home/admin/web/popup.myhelper.website/public_html/framework/web/CController.php(286): CController->runAction()
#7 /home/admin/web/popup.myhelper.website/public_html/framework/web/CController.php(265): CController->runActionWithFilters()
#8 /home/admin/web/popup.myhelper.website/public_html/framework/web/CWebApplication.php(282): CController->run()
#9 /home/admin/web/popup.myhelper.website/public_html/framework/web/CWebApplication.php(141): CWebApplication->runController()
#10 /home/admin/web/popup.myhelper.website/public_html/framework/base/CApplication.php(185): CWebApplication->processRequest()
#11 /home/admin/web/popup.myhelper.website/public_html/popup/index.php(13): CApplication->run()
#12 {main}
REQUEST_URI=/script?id=1
---
2022/06/11 09:25:25 [error] [exception.CException] CException: TblPopup and its behaviors do not have a method or closure named "all". in /home/admin/web/popup.myhelper.website/public_html/framework/base/CComponent.php:266
Stack trace:
#0 /home/admin/web/popup.myhelper.website/public_html/framework/db/ar/CActiveRecord.php(229): CComponent->__call()
#1 /home/admin/web/popup.myhelper.website/public_html/popup/protected/controllers/ScriptController.php(23): CActiveRecord->__call()
#2 [internal function]: ScriptController->actionIndex()
#3 /home/admin/web/popup.myhelper.website/public_html/framework/web/actions/CAction.php(115): ReflectionMethod->invokeArgs()
#4 /home/admin/web/popup.myhelper.website/public_html/framework/web/actions/CInlineAction.php(47): CAction->runWithParamsInternal()
#5 /home/admin/web/popup.myhelper.website/public_html/framework/web/CController.php(308): CInlineAction->runWithParams()
#6 /home/admin/web/popup.myhelper.website/public_html/framework/web/CController.php(286): CController->runAction()
#7 /home/admin/web/popup.myhelper.website/public_html/framework/web/CController.php(265): CController->runActionWithFilters()
#8 /home/admin/web/popup.myhelper.website/public_html/framework/web/CWebApplication.php(282): CController->run()
#9 /home/admin/web/popup.myhelper.website/public_html/framework/web/CWebApplication.php(141): CWebApplication->runController()
#10 /home/admin/web/popup.myhelper.website/public_html/framework/base/CApplication.php(185): CWebApplication->processRequest()
#11 /home/admin/web/popup.myhelper.website/public_html/popup/index.php(13): CApplication->run()
#12 {main}
REQUEST_URI=/script?id=1
---
2022/06/11 09:26:41 [error] [exception.CException] CException: TblPopup and its behaviors do not have a method or closure named "all". in /home/admin/web/popup.myhelper.website/public_html/framework/base/CComponent.php:266
Stack trace:
#0 /home/admin/web/popup.myhelper.website/public_html/framework/db/ar/CActiveRecord.php(229): CComponent->__call()
#1 /home/admin/web/popup.myhelper.website/public_html/popup/protected/controllers/ScriptController.php(23): CActiveRecord->__call()
#2 [internal function]: ScriptController->actionIndex()
#3 /home/admin/web/popup.myhelper.website/public_html/framework/web/actions/CAction.php(115): ReflectionMethod->invokeArgs()
#4 /home/admin/web/popup.myhelper.website/public_html/framework/web/actions/CInlineAction.php(47): CAction->runWithParamsInternal()
#5 /home/admin/web/popup.myhelper.website/public_html/framework/web/CController.php(308): CInlineAction->runWithParams()
#6 /home/admin/web/popup.myhelper.website/public_html/framework/web/CController.php(286): CController->runAction()
#7 /home/admin/web/popup.myhelper.website/public_html/framework/web/CController.php(265): CController->runActionWithFilters()
#8 /home/admin/web/popup.myhelper.website/public_html/framework/web/CWebApplication.php(282): CController->run()
#9 /home/admin/web/popup.myhelper.website/public_html/framework/web/CWebApplication.php(141): CWebApplication->runController()
#10 /home/admin/web/popup.myhelper.website/public_html/framework/base/CApplication.php(185): CWebApplication->processRequest()
#11 /home/admin/web/popup.myhelper.website/public_html/popup/index.php(13): CApplication->run()
#12 {main}
REQUEST_URI=/script?id=1
---
2022/06/11 09:27:54 [error] [php] Attempt to read property "id" on null (/home/admin/web/popup.myhelper.website/public_html/popup/protected/controllers/ScriptController.php:23)
Stack trace:
#0 unknown(0): ScriptController->actionIndex()
#1 /home/admin/web/popup.myhelper.website/public_html/framework/web/actions/CAction.php(115): ReflectionMethod->invokeArgs()
#2 /home/admin/web/popup.myhelper.website/public_html/framework/web/actions/CInlineAction.php(47): CInlineAction->runWithParamsInternal()
#3 /home/admin/web/popup.myhelper.website/public_html/framework/web/CController.php(308): CInlineAction->runWithParams()
#4 /home/admin/web/popup.myhelper.website/public_html/framework/web/CController.php(286): ScriptController->runAction()
#5 /home/admin/web/popup.myhelper.website/public_html/framework/web/CController.php(265): ScriptController->runActionWithFilters()
#6 /home/admin/web/popup.myhelper.website/public_html/framework/web/CWebApplication.php(282): ScriptController->run()
#7 /home/admin/web/popup.myhelper.website/public_html/framework/web/CWebApplication.php(141): CWebApplication->runController()
#8 /home/admin/web/popup.myhelper.website/public_html/framework/base/CApplication.php(185): CWebApplication->processRequest()
#9 /home/admin/web/popup.myhelper.website/public_html/popup/index.php(13): CWebApplication->run()
REQUEST_URI=/script?id=13
in /home/admin/web/popup.myhelper.website/public_html/popup/protected/controllers/ScriptController.php (23)
in /home/admin/web/popup.myhelper.website/public_html/popup/index.php (13)
2022/06/11 09:29:09 [error] [exception.ParseError] ParseError: syntax error, unexpected token "echo", expecting ";" in /home/admin/web/popup.myhelper.website/public_html/popup/protected/controllers/ScriptController.php:23
Stack trace:
#0 /home/admin/web/popup.myhelper.website/public_html/framework/web/CWebApplication.php(276): CWebApplication->createController()
#1 /home/admin/web/popup.myhelper.website/public_html/framework/web/CWebApplication.php(141): CWebApplication->runController()
#2 /home/admin/web/popup.myhelper.website/public_html/framework/base/CApplication.php(185): CWebApplication->processRequest()
#3 /home/admin/web/popup.myhelper.website/public_html/popup/index.php(13): CApplication->run()
#4 {main}
REQUEST_URI=/script?id=13
---
2022/06/11 09:29:42 [error] [php] Undefined variable $daya (/home/admin/web/popup.myhelper.website/public_html/popup/protected/controllers/ScriptController.php:23)
Stack trace:
#0 unknown(0): ScriptController->actionIndex()
#1 /home/admin/web/popup.myhelper.website/public_html/framework/web/actions/CAction.php(115): ReflectionMethod->invokeArgs()
#2 /home/admin/web/popup.myhelper.website/public_html/framework/web/actions/CInlineAction.php(47): CInlineAction->runWithParamsInternal()
#3 /home/admin/web/popup.myhelper.website/public_html/framework/web/CController.php(308): CInlineAction->runWithParams()
#4 /home/admin/web/popup.myhelper.website/public_html/framework/web/CController.php(286): ScriptController->runAction()
#5 /home/admin/web/popup.myhelper.website/public_html/framework/web/CController.php(265): ScriptController->runActionWithFilters()
#6 /home/admin/web/popup.myhelper.website/public_html/framework/web/CWebApplication.php(282): ScriptController->run()
#7 /home/admin/web/popup.myhelper.website/public_html/framework/web/CWebApplication.php(141): CWebApplication->runController()
#8 /home/admin/web/popup.myhelper.website/public_html/framework/base/CApplication.php(185): CWebApplication->processRequest()
#9 /home/admin/web/popup.myhelper.website/public_html/popup/index.php(13): CWebApplication->run()
REQUEST_URI=/script?id=13
in /home/admin/web/popup.myhelper.website/public_html/popup/protected/controllers/ScriptController.php (23)
in /home/admin/web/popup.myhelper.website/public_html/popup/index.php (13)
2022/06/11 09:31:48 [error] [php] require(/home/admin/web/popup.myhelper.website/public_html/popup/protected/views/script/script.php): Failed to open stream: No such file or directory (/home/admin/web/popup.myhelper.website/public_html/framework/web/CBaseController.php:130)
Stack trace:
#0 /home/admin/web/popup.myhelper.website/public_html/framework/web/CBaseController.php(130): require()
#1 /home/admin/web/popup.myhelper.website/public_html/framework/web/CBaseController.php(95): ScriptController->renderInternal()
#2 /home/admin/web/popup.myhelper.website/public_html/popup/protected/controllers/ScriptController.php(41): ScriptController->renderFile()
#3 unknown(0): ScriptController->actionIndex()
#4 /home/admin/web/popup.myhelper.website/public_html/framework/web/actions/CAction.php(115): ReflectionMethod->invokeArgs()
#5 /home/admin/web/popup.myhelper.website/public_html/framework/web/actions/CInlineAction.php(47): CInlineAction->runWithParamsInternal()
#6 /home/admin/web/popup.myhelper.website/public_html/framework/web/CController.php(308): CInlineAction->runWithParams()
#7 /home/admin/web/popup.myhelper.website/public_html/framework/web/CController.php(286): ScriptController->runAction()
#8 /home/admin/web/popup.myhelper.website/public_html/framework/web/CController.php(265): ScriptController->runActionWithFilters()
#9 /home/admin/web/popup.myhelper.website/public_html/framework/web/CWebApplication.php(282): ScriptController->run()
#10 /home/admin/web/popup.myhelper.website/public_html/framework/web/CWebApplication.php(141): CWebApplication->runController()
#11 /home/admin/web/popup.myhelper.website/public_html/framework/base/CApplication.php(185): CWebApplication->processRequest()
#12 /home/admin/web/popup.myhelper.website/public_html/popup/index.php(13): CWebApplication->run()
REQUEST_URI=/script?id=1
in /home/admin/web/popup.myhelper.website/public_html/popup/protected/controllers/ScriptController.php (41)
in /home/admin/web/popup.myhelper.website/public_html/popup/index.php (13)
2022/06/11 09:38:20 [error] [exception.CException] CException: Property "TblPopup.Content" is not defined. in /home/admin/web/popup.myhelper.website/public_html/framework/base/CComponent.php:130
Stack trace:
#0 /home/admin/web/popup.myhelper.website/public_html/framework/db/ar/CActiveRecord.php(145): CComponent->__get()
#1 /home/admin/web/popup.myhelper.website/public_html/popup/protected/controllers/ScriptController.php(40): CActiveRecord->__get()
#2 [internal function]: ScriptController->actionIndex()
#3 /home/admin/web/popup.myhelper.website/public_html/framework/web/actions/CAction.php(115): ReflectionMethod->invokeArgs()
#4 /home/admin/web/popup.myhelper.website/public_html/framework/web/actions/CInlineAction.php(47): CAction->runWithParamsInternal()
#5 /home/admin/web/popup.myhelper.website/public_html/framework/web/CController.php(308): CInlineAction->runWithParams()
#6 /home/admin/web/popup.myhelper.website/public_html/framework/web/CController.php(286): CController->runAction()
#7 /home/admin/web/popup.myhelper.website/public_html/framework/web/CController.php(265): CController->runActionWithFilters()
#8 /home/admin/web/popup.myhelper.website/public_html/framework/web/CWebApplication.php(282): CController->run()
#9 /home/admin/web/popup.myhelper.website/public_html/framework/web/CWebApplication.php(141): CWebApplication->runController()
#10 /home/admin/web/popup.myhelper.website/public_html/framework/base/CApplication.php(185): CWebApplication->processRequest()
#11 /home/admin/web/popup.myhelper.website/public_html/popup/index.php(13): CApplication->run()
#12 {main}
REQUEST_URI=/script?id=1
---
2022/06/11 09:50:50 [error] [exception.CHttpException.404] CHttpException: Unable to resolve the request "favicon.ico". in /home/admin/web/popup.myhelper.website/public_html/framework/web/CWebApplication.php:286
Stack trace:
#0 /home/admin/web/popup.myhelper.website/public_html/framework/web/CWebApplication.php(141): CWebApplication->runController()
#1 /home/admin/web/popup.myhelper.website/public_html/framework/base/CApplication.php(185): CWebApplication->processRequest()
#2 /home/admin/web/popup.myhelper.website/public_html/popup/index.php(13): CApplication->run()
#3 {main}
REQUEST_URI=/favicon.ico
HTTP_REFERER=https://popup.myhelper.website/script?id=1
---
2022/06/11 10:03:56 [error] [exception.CHttpException.404] CHttpException: Unable to resolve the request "favicon.ico". in /home/admin/web/popup.myhelper.website/public_html/framework/web/CWebApplication.php:286
Stack trace:
#0 /home/admin/web/popup.myhelper.website/public_html/framework/web/CWebApplication.php(141): CWebApplication->runController()
#1 /home/admin/web/popup.myhelper.website/public_html/framework/base/CApplication.php(185): CWebApplication->processRequest()
#2 /home/admin/web/popup.myhelper.website/public_html/popup/index.php(13): CApplication->run()
#3 {main}
REQUEST_URI=/favicon.ico
---
2022/06/11 10:05:27 [error] [exception.CException] CException: Property "TblPopup.useCount" is not defined. in /home/admin/web/popup.myhelper.website/public_html/framework/base/CComponent.php:130
Stack trace:
#0 /home/admin/web/popup.myhelper.website/public_html/framework/db/ar/CActiveRecord.php(145): CComponent->__get()
#1 /home/admin/web/popup.myhelper.website/public_html/popup/protected/views/popup/update.php(21): CActiveRecord->__get()
#2 /home/admin/web/popup.myhelper.website/public_html/framework/web/CBaseController.php(126): require('...')
#3 /home/admin/web/popup.myhelper.website/public_html/framework/web/CBaseController.php(95): CBaseController->renderInternal()
#4 /home/admin/web/popup.myhelper.website/public_html/framework/web/CController.php(872): CBaseController->renderFile()
#5 /home/admin/web/popup.myhelper.website/public_html/framework/web/CController.php(785): CController->renderPartial()
#6 /home/admin/web/popup.myhelper.website/public_html/popup/protected/controllers/PopupController.php(102): CController->render()
#7 [internal function]: PopupController->actionUpdate()
#8 /home/admin/web/popup.myhelper.website/public_html/framework/web/actions/CAction.php(115): ReflectionMethod->invokeArgs()
#9 /home/admin/web/popup.myhelper.website/public_html/framework/web/actions/CInlineAction.php(47): CAction->runWithParamsInternal()
#10 /home/admin/web/popup.myhelper.website/public_html/framework/web/CController.php(308): CInlineAction->runWithParams()
#11 /home/admin/web/popup.myhelper.website/public_html/framework/web/filters/CFilterChain.php(134): CController->runAction()
#12 /home/admin/web/popup.myhelper.website/public_html/framework/web/filters/CFilter.php(40): CFilterChain->run()
#13 /home/admin/web/popup.myhelper.website/public_html/framework/web/CController.php(1148): CFilter->filter()
#14 /home/admin/web/popup.myhelper.website/public_html/framework/web/filters/CInlineFilter.php(58): CController->filterAccessControl()
#15 /home/admin/web/popup.myhelper.website/public_html/framework/web/filters/CFilterChain.php(131): CInlineFilter->filter()
#16 /home/admin/web/popup.myhelper.website/public_html/framework/web/CController.php(291): CFilterChain->run()
#17 /home/admin/web/popup.myhelper.website/public_html/framework/web/CController.php(265): CController->runActionWithFilters()
#18 /home/admin/web/popup.myhelper.website/public_html/framework/web/CWebApplication.php(282): CController->run()
#19 /home/admin/web/popup.myhelper.website/public_html/framework/web/CWebApplication.php(141): CWebApplication->runController()
#20 /home/admin/web/popup.myhelper.website/public_html/framework/base/CApplication.php(185): CWebApplication->processRequest()
#21 /home/admin/web/popup.myhelper.website/public_html/popup/index.php(13): CApplication->run()
#22 {main}
REQUEST_URI=/popup/update/1
HTTP_REFERER=https://popup.myhelper.website/popup/admin
---
2022/06/11 10:06:08 [error] [php] Indirect modification of overloaded property TblPopup::$use_count has no effect (/home/admin/web/popup.myhelper.website/public_html/popup/protected/views/popup/update.php:21)
Stack trace:
#0 /home/admin/web/popup.myhelper.website/public_html/framework/web/CBaseController.php(126): require()
#1 /home/admin/web/popup.myhelper.website/public_html/framework/web/CBaseController.php(95): PopupController->renderInternal()
#2 /home/admin/web/popup.myhelper.website/public_html/framework/web/CController.php(872): PopupController->renderFile()
#3 /home/admin/web/popup.myhelper.website/public_html/framework/web/CController.php(785): PopupController->renderPartial()
#4 /home/admin/web/popup.myhelper.website/public_html/popup/protected/controllers/PopupController.php(102): PopupController->render()
#5 unknown(0): PopupController->actionUpdate()
#6 /home/admin/web/popup.myhelper.website/public_html/framework/web/actions/CAction.php(115): ReflectionMethod->invokeArgs()
#7 /home/admin/web/popup.myhelper.website/public_html/framework/web/actions/CInlineAction.php(47): CInlineAction->runWithParamsInternal()
#8 /home/admin/web/popup.myhelper.website/public_html/framework/web/CController.php(308): CInlineAction->runWithParams()
#9 /home/admin/web/popup.myhelper.website/public_html/framework/web/filters/CFilterChain.php(134): PopupController->runAction()
#10 /home/admin/web/popup.myhelper.website/public_html/framework/web/filters/CFilter.php(40): CFilterChain->run()
#11 /home/admin/web/popup.myhelper.website/public_html/framework/web/CController.php(1148): CAccessControlFilter->filter()
#12 /home/admin/web/popup.myhelper.website/public_html/framework/web/filters/CInlineFilter.php(58): PopupController->filterAccessControl()
#13 /home/admin/web/popup.myhelper.website/public_html/framework/web/filters/CFilterChain.php(131): CInlineFilter->filter()
#14 /home/admin/web/popup.myhelper.website/public_html/framework/web/CController.php(291): CFilterChain->run()
#15 /home/admin/web/popup.myhelper.website/public_html/framework/web/CController.php(265): PopupController->runActionWithFilters()
#16 /home/admin/web/popup.myhelper.website/public_html/framework/web/CWebApplication.php(282): PopupController->run()
#17 /home/admin/web/popup.myhelper.website/public_html/framework/web/CWebApplication.php(141): CWebApplication->runController()
#18 /home/admin/web/popup.myhelper.website/public_html/framework/base/CApplication.php(185): CWebApplication->processRequest()
#19 /home/admin/web/popup.myhelper.website/public_html/popup/index.php(13): CWebApplication->run()
REQUEST_URI=/popup/update/1
in /home/admin/web/popup.myhelper.website/public_html/popup/protected/views/popup/update.php (21)
in /home/admin/web/popup.myhelper.website/public_html/popup/protected/controllers/PopupController.php (102)
in /home/admin/web/popup.myhelper.website/public_html/popup/index.php (13)
2022/06/11 10:07:44 [error] [php] Indirect modification of overloaded property TblPopup::$use_count has no effect (/home/admin/web/popup.myhelper.website/public_html/popup/protected/views/popup/update.php:21)
Stack trace:
#0 /home/admin/web/popup.myhelper.website/public_html/framework/web/CBaseController.php(126): require()
#1 /home/admin/web/popup.myhelper.website/public_html/framework/web/CBaseController.php(95): PopupController->renderInternal()
#2 /home/admin/web/popup.myhelper.website/public_html/framework/web/CController.php(872): PopupController->renderFile()
#3 /home/admin/web/popup.myhelper.website/public_html/framework/web/CController.php(785): PopupController->renderPartial()
#4 /home/admin/web/popup.myhelper.website/public_html/popup/protected/controllers/PopupController.php(102): PopupController->render()
#5 unknown(0): PopupController->actionUpdate()
#6 /home/admin/web/popup.myhelper.website/public_html/framework/web/actions/CAction.php(115): ReflectionMethod->invokeArgs()
#7 /home/admin/web/popup.myhelper.website/public_html/framework/web/actions/CInlineAction.php(47): CInlineAction->runWithParamsInternal()
#8 /home/admin/web/popup.myhelper.website/public_html/framework/web/CController.php(308): CInlineAction->runWithParams()
#9 /home/admin/web/popup.myhelper.website/public_html/framework/web/filters/CFilterChain.php(134): PopupController->runAction()
#10 /home/admin/web/popup.myhelper.website/public_html/framework/web/filters/CFilter.php(40): CFilterChain->run()
#11 /home/admin/web/popup.myhelper.website/public_html/framework/web/CController.php(1148): CAccessControlFilter->filter()
#12 /home/admin/web/popup.myhelper.website/public_html/framework/web/filters/CInlineFilter.php(58): PopupController->filterAccessControl()
#13 /home/admin/web/popup.myhelper.website/public_html/framework/web/filters/CFilterChain.php(131): CInlineFilter->filter()
#14 /home/admin/web/popup.myhelper.website/public_html/framework/web/CController.php(291): CFilterChain->run()
#15 /home/admin/web/popup.myhelper.website/public_html/framework/web/CController.php(265): PopupController->runActionWithFilters()
#16 /home/admin/web/popup.myhelper.website/public_html/framework/web/CWebApplication.php(282): PopupController->run()
#17 /home/admin/web/popup.myhelper.website/public_html/framework/web/CWebApplication.php(141): CWebApplication->runController()
#18 /home/admin/web/popup.myhelper.website/public_html/framework/base/CApplication.php(185): CWebApplication->processRequest()
#19 /home/admin/web/popup.myhelper.website/public_html/popup/index.php(13): CWebApplication->run()
REQUEST_URI=/popup/update/1
in /home/admin/web/popup.myhelper.website/public_html/popup/protected/views/popup/update.php (21)
in /home/admin/web/popup.myhelper.website/public_html/popup/protected/controllers/PopupController.php (102)
in /home/admin/web/popup.myhelper.website/public_html/popup/index.php (13)
2022/06/11 10:10:12 [error] [exception.Error] Error: Object of class TblPopup could not be converted to string in /home/admin/web/popup.myhelper.website/public_html/popup/protected/views/popup/_form.php:35
Stack trace:
#0 /home/admin/web/popup.myhelper.website/public_html/framework/web/CBaseController.php(126): require()
#1 /home/admin/web/popup.myhelper.website/public_html/framework/web/CBaseController.php(95): CBaseController->renderInternal()
#2 /home/admin/web/popup.myhelper.website/public_html/framework/web/CController.php(872): CBaseController->renderFile()
#3 /home/admin/web/popup.myhelper.website/public_html/popup/protected/views/popup/update.php(21): CController->renderPartial()
#4 /home/admin/web/popup.myhelper.website/public_html/framework/web/CBaseController.php(126): require('...')
#5 /home/admin/web/popup.myhelper.website/public_html/framework/web/CBaseController.php(95): CBaseController->renderInternal()
#6 /home/admin/web/popup.myhelper.website/public_html/framework/web/CController.php(872): CBaseController->renderFile()
#7 /home/admin/web/popup.myhelper.website/public_html/framework/web/CController.php(785): CController->renderPartial()
#8 /home/admin/web/popup.myhelper.website/public_html/popup/protected/controllers/PopupController.php(102): CController->render()
#9 [internal function]: PopupController->actionUpdate()
#10 /home/admin/web/popup.myhelper.website/public_html/framework/web/actions/CAction.php(115): ReflectionMethod->invokeArgs()
#11 /home/admin/web/popup.myhelper.website/public_html/framework/web/actions/CInlineAction.php(47): CAction->runWithParamsInternal()
#12 /home/admin/web/popup.myhelper.website/public_html/framework/web/CController.php(308): CInlineAction->runWithParams()
#13 /home/admin/web/popup.myhelper.website/public_html/framework/web/filters/CFilterChain.php(134): CController->runAction()
#14 /home/admin/web/popup.myhelper.website/public_html/framework/web/filters/CFilter.php(40): CFilterChain->run()
#15 /home/admin/web/popup.myhelper.website/public_html/framework/web/CController.php(1148): CFilter->filter()
#16 /home/admin/web/popup.myhelper.website/public_html/framework/web/filters/CInlineFilter.php(58): CController->filterAccessControl()
#17 /home/admin/web/popup.myhelper.website/public_html/framework/web/filters/CFilterChain.php(131): CInlineFilter->filter()
#18 /home/admin/web/popup.myhelper.website/public_html/framework/web/CController.php(291): CFilterChain->run()
#19 /home/admin/web/popup.myhelper.website/public_html/framework/web/CController.php(265): CController->runActionWithFilters()
#20 /home/admin/web/popup.myhelper.website/public_html/framework/web/CWebApplication.php(282): CController->run()
#21 /home/admin/web/popup.myhelper.website/public_html/framework/web/CWebApplication.php(141): CWebApplication->runController()
#22 /home/admin/web/popup.myhelper.website/public_html/framework/base/CApplication.php(185): CWebApplication->processRequest()
#23 /home/admin/web/popup.myhelper.website/public_html/popup/index.php(13): CApplication->run()
#24 {main}
REQUEST_URI=/popup/update/1
HTTP_REFERER=https://popup.myhelper.website/popup/admin
---
2022/06/11 10:14:45 [error] [exception.ParseError] ParseError: syntax error, unexpected token "}" in /home/admin/web/popup.myhelper.website/public_html/popup/protected/controllers/ScriptController.php:40
Stack trace:
#0 /home/admin/web/popup.myhelper.website/public_html/framework/web/CWebApplication.php(276): CWebApplication->createController()
#1 /home/admin/web/popup.myhelper.website/public_html/framework/web/CWebApplication.php(141): CWebApplication->runController()
#2 /home/admin/web/popup.myhelper.website/public_html/framework/base/CApplication.php(185): CWebApplication->processRequest()
#3 /home/admin/web/popup.myhelper.website/public_html/popup/index.php(13): CApplication->run()
#4 {main}
REQUEST_URI=/script?id=1
---
2022/06/11 10:14:52 [error] [exception.ParseError] ParseError: syntax error, unexpected token "}" in /home/admin/web/popup.myhelper.website/public_html/popup/protected/controllers/ScriptController.php:40
Stack trace:
#0 /home/admin/web/popup.myhelper.website/public_html/framework/web/CWebApplication.php(276): CWebApplication->createController()
#1 /home/admin/web/popup.myhelper.website/public_html/framework/web/CWebApplication.php(141): CWebApplication->runController()
#2 /home/admin/web/popup.myhelper.website/public_html/framework/base/CApplication.php(185): CWebApplication->processRequest()
#3 /home/admin/web/popup.myhelper.website/public_html/popup/index.php(13): CApplication->run()
#4 {main}
REQUEST_URI=/script?id=1
---
2022/06/11 10:18:14 [error] [exception.CHttpException.404] CHttpException: Unable to resolve the request "favicon.ico". in /home/admin/web/popup.myhelper.website/public_html/framework/web/CWebApplication.php:286
Stack trace:
#0 /home/admin/web/popup.myhelper.website/public_html/framework/web/CWebApplication.php(141): CWebApplication->runController()
#1 /home/admin/web/popup.myhelper.website/public_html/framework/base/CApplication.php(185): CWebApplication->processRequest()
#2 /home/admin/web/popup.myhelper.website/public_html/popup/index.php(13): CApplication->run()
#3 {main}
REQUEST_URI=/favicon.ico
HTTP_REFERER=https://popup.myhelper.website/popup/1
---
2022/06/11 10:18:14 [error] [exception.CHttpException.404] CHttpException: Unable to resolve the request "favicon.ico". in /home/admin/web/popup.myhelper.website/public_html/framework/web/CWebApplication.php:286
Stack trace:
#0 /home/admin/web/popup.myhelper.website/public_html/framework/web/CWebApplication.php(141): CWebApplication->runController()
#1 /home/admin/web/popup.myhelper.website/public_html/framework/base/CApplication.php(185): CWebApplication->processRequest()
#2 /home/admin/web/popup.myhelper.website/public_html/popup/index.php(13): CApplication->run()
#3 {main}
REQUEST_URI=/favicon.ico
HTTP_REFERER=https://popup.myhelper.website/popup/1
---
2022/06/11 10:18:15 [error] [exception.CHttpException.404] CHttpException: Unable to resolve the request "favicon.ico". in /home/admin/web/popup.myhelper.website/public_html/framework/web/CWebApplication.php:286
Stack trace:
#0 /home/admin/web/popup.myhelper.website/public_html/framework/web/CWebApplication.php(141): CWebApplication->runController()
#1 /home/admin/web/popup.myhelper.website/public_html/framework/base/CApplication.php(185): CWebApplication->processRequest()
#2 /home/admin/web/popup.myhelper.website/public_html/popup/index.php(13): CApplication->run()
#3 {main}
REQUEST_URI=/favicon.ico
HTTP_REFERER=https://popup.myhelper.website/popup/1
---
2022/06/11 10:18:15 [error] [exception.CHttpException.404] CHttpException: Unable to resolve the request "favicon.ico". in /home/admin/web/popup.myhelper.website/public_html/framework/web/CWebApplication.php:286
Stack trace:
#0 /home/admin/web/popup.myhelper.website/public_html/framework/web/CWebApplication.php(141): CWebApplication->runController()
#1 /home/admin/web/popup.myhelper.website/public_html/framework/base/CApplication.php(185): CWebApplication->processRequest()
#2 /home/admin/web/popup.myhelper.website/public_html/popup/index.php(13): CApplication->run()
#3 {main}
REQUEST_URI=/favicon.ico
HTTP_REFERER=https://popup.myhelper.website/popup/1
---
2022/06/11 10:18:16 [error] [exception.CHttpException.404] CHttpException: Unable to resolve the request "favicon.ico". in /home/admin/web/popup.myhelper.website/public_html/framework/web/CWebApplication.php:286
Stack trace:
#0 /home/admin/web/popup.myhelper.website/public_html/framework/web/CWebApplication.php(141): CWebApplication->runController()
#1 /home/admin/web/popup.myhelper.website/public_html/framework/base/CApplication.php(185): CWebApplication->processRequest()
#2 /home/admin/web/popup.myhelper.website/public_html/popup/index.php(13): CApplication->run()
#3 {main}
REQUEST_URI=/favicon.ico
HTTP_REFERER=https://popup.myhelper.website/popup/1
---
2022/06/11 10:29:41 [error] [exception.Error] Error: Undefined constant Yii::app in /home/admin/web/popup.myhelper.website/public_html/popup/protected/views/popup/_view.php:29
Stack trace:
#0 /home/admin/web/popup.myhelper.website/public_html/framework/web/CBaseController.php(130): require()
#1 /home/admin/web/popup.myhelper.website/public_html/framework/web/CBaseController.php(95): CBaseController->renderInternal()
#2 /home/admin/web/popup.myhelper.website/public_html/framework/zii/widgets/CListView.php(291): CBaseController->renderFile()
#3 /home/admin/web/popup.myhelper.website/public_html/framework/zii/widgets/CBaseListView.php(181): CListView->renderItems()
#4 [internal function]: CBaseListView->renderSection()
#5 /home/admin/web/popup.myhelper.website/public_html/framework/zii/widgets/CBaseListView.php(164): preg_replace_callback()
#6 /home/admin/web/popup.myhelper.website/public_html/framework/zii/widgets/CBaseListView.php(149): CBaseListView->renderContent()
#7 /home/admin/web/popup.myhelper.website/public_html/framework/web/CBaseController.php(182): CBaseListView->run()
#8 /home/admin/web/popup.myhelper.website/public_html/popup/protected/views/popup/index.php(19): CBaseController->widget()
#9 /home/admin/web/popup.myhelper.website/public_html/framework/web/CBaseController.php(126): require('...')
#10 /home/admin/web/popup.myhelper.website/public_html/framework/web/CBaseController.php(95): CBaseController->renderInternal()
#11 /home/admin/web/popup.myhelper.website/public_html/framework/web/CController.php(872): CBaseController->renderFile()
#12 /home/admin/web/popup.myhelper.website/public_html/framework/web/CController.php(785): CController->renderPartial()
#13 /home/admin/web/popup.myhelper.website/public_html/popup/protected/controllers/PopupController.php(127): CController->render()
#14 /home/admin/web/popup.myhelper.website/public_html/framework/web/actions/CInlineAction.php(49): PopupController->actionIndex()
#15 /home/admin/web/popup.myhelper.website/public_html/framework/web/CController.php(308): CInlineAction->runWithParams()
#16 /home/admin/web/popup.myhelper.website/public_html/framework/web/filters/CFilterChain.php(134): CController->runAction()
#17 /home/admin/web/popup.myhelper.website/public_html/framework/web/filters/CFilter.php(40): CFilterChain->run()
#18 /home/admin/web/popup.myhelper.website/public_html/framework/web/CController.php(1148): CFilter->filter()
#19 /home/admin/web/popup.myhelper.website/public_html/framework/web/filters/CInlineFilter.php(58): CController->filterAccessControl()
#20 /home/admin/web/popup.myhelper.website/public_html/framework/web/filters/CFilterChain.php(131): CInlineFilter->filter()
#21 /home/admin/web/popup.myhelper.website/public_html/framework/web/CController.php(291): CFilterChain->run()
#22 /home/admin/web/popup.myhelper.website/public_html/framework/web/CController.php(265): CController->runActionWithFilters()
#23 /home/admin/web/popup.myhelper.website/public_html/framework/web/CWebApplication.php(282): CController->run()
#24 /home/admin/web/popup.myhelper.website/public_html/framework/web/CWebApplication.php(141): CWebApplication->runController()
#25 /home/admin/web/popup.myhelper.website/public_html/framework/base/CApplication.php(185): CWebApplication->processRequest()
#26 /home/admin/web/popup.myhelper.website/public_html/popup/index.php(13): CApplication->run()
#27 {main}
REQUEST_URI=/popup/index
HTTP_REFERER=https://popup.myhelper.website/popup/1
---
2022/06/11 10:29:53 [error] [exception.Error] Error: Undefined constant Yii::app in /home/admin/web/popup.myhelper.website/public_html/popup/protected/views/popup/_view.php:29
Stack trace:
#0 /home/admin/web/popup.myhelper.website/public_html/framework/web/CBaseController.php(130): require()
#1 /home/admin/web/popup.myhelper.website/public_html/framework/web/CBaseController.php(95): CBaseController->renderInternal()
#2 /home/admin/web/popup.myhelper.website/public_html/framework/zii/widgets/CListView.php(291): CBaseController->renderFile()
#3 /home/admin/web/popup.myhelper.website/public_html/framework/zii/widgets/CBaseListView.php(181): CListView->renderItems()
#4 [internal function]: CBaseListView->renderSection()
#5 /home/admin/web/popup.myhelper.website/public_html/framework/zii/widgets/CBaseListView.php(164): preg_replace_callback()
#6 /home/admin/web/popup.myhelper.website/public_html/framework/zii/widgets/CBaseListView.php(149): CBaseListView->renderContent()
#7 /home/admin/web/popup.myhelper.website/public_html/framework/web/CBaseController.php(182): CBaseListView->run()
#8 /home/admin/web/popup.myhelper.website/public_html/popup/protected/views/popup/index.php(19): CBaseController->widget()
#9 /home/admin/web/popup.myhelper.website/public_html/framework/web/CBaseController.php(126): require('...')
#10 /home/admin/web/popup.myhelper.website/public_html/framework/web/CBaseController.php(95): CBaseController->renderInternal()
#11 /home/admin/web/popup.myhelper.website/public_html/framework/web/CController.php(872): CBaseController->renderFile()
#12 /home/admin/web/popup.myhelper.website/public_html/framework/web/CController.php(785): CController->renderPartial()
#13 /home/admin/web/popup.myhelper.website/public_html/popup/protected/controllers/PopupController.php(127): CController->render()
#14 /home/admin/web/popup.myhelper.website/public_html/framework/web/actions/CInlineAction.php(49): PopupController->actionIndex()
#15 /home/admin/web/popup.myhelper.website/public_html/framework/web/CController.php(308): CInlineAction->runWithParams()
#16 /home/admin/web/popup.myhelper.website/public_html/framework/web/filters/CFilterChain.php(134): CController->runAction()
#17 /home/admin/web/popup.myhelper.website/public_html/framework/web/filters/CFilter.php(40): CFilterChain->run()
#18 /home/admin/web/popup.myhelper.website/public_html/framework/web/CController.php(1148): CFilter->filter()
#19 /home/admin/web/popup.myhelper.website/public_html/framework/web/filters/CInlineFilter.php(58): CController->filterAccessControl()
#20 /home/admin/web/popup.myhelper.website/public_html/framework/web/filters/CFilterChain.php(131): CInlineFilter->filter()
#21 /home/admin/web/popup.myhelper.website/public_html/framework/web/CController.php(291): CFilterChain->run()
#22 /home/admin/web/popup.myhelper.website/public_html/framework/web/CController.php(265): CController->runActionWithFilters()
#23 /home/admin/web/popup.myhelper.website/public_html/framework/web/CWebApplication.php(282): CController->run()
#24 /home/admin/web/popup.myhelper.website/public_html/framework/web/CWebApplication.php(141): CWebApplication->runController()
#25 /home/admin/web/popup.myhelper.website/public_html/framework/base/CApplication.php(185): CWebApplication->processRequest()
#26 /home/admin/web/popup.myhelper.website/public_html/popup/index.php(13): CApplication->run()
#27 {main}
REQUEST_URI=/popup/index
HTTP_REFERER=https://popup.myhelper.website/popup/1
---
2022/06/11 10:30:16 [error] [exception.Error] Error: Undefined constant Yii::app in /home/admin/web/popup.myhelper.website/public_html/popup/protected/views/popup/_view.php:29
Stack trace:
#0 /home/admin/web/popup.myhelper.website/public_html/framework/web/CBaseController.php(130): require()
#1 /home/admin/web/popup.myhelper.website/public_html/framework/web/CBaseController.php(95): CBaseController->renderInternal()
#2 /home/admin/web/popup.myhelper.website/public_html/framework/zii/widgets/CListView.php(291): CBaseController->renderFile()
#3 /home/admin/web/popup.myhelper.website/public_html/framework/zii/widgets/CBaseListView.php(181): CListView->renderItems()
#4 [internal function]: CBaseListView->renderSection()
#5 /home/admin/web/popup.myhelper.website/public_html/framework/zii/widgets/CBaseListView.php(164): preg_replace_callback()
#6 /home/admin/web/popup.myhelper.website/public_html/framework/zii/widgets/CBaseListView.php(149): CBaseListView->renderContent()
#7 /home/admin/web/popup.myhelper.website/public_html/framework/web/CBaseController.php(182): CBaseListView->run()
#8 /home/admin/web/popup.myhelper.website/public_html/popup/protected/views/popup/index.php(19): CBaseController->widget()
#9 /home/admin/web/popup.myhelper.website/public_html/framework/web/CBaseController.php(126): require('...')
#10 /home/admin/web/popup.myhelper.website/public_html/framework/web/CBaseController.php(95): CBaseController->renderInternal()
#11 /home/admin/web/popup.myhelper.website/public_html/framework/web/CController.php(872): CBaseController->renderFile()
#12 /home/admin/web/popup.myhelper.website/public_html/framework/web/CController.php(785): CController->renderPartial()
#13 /home/admin/web/popup.myhelper.website/public_html/popup/protected/controllers/PopupController.php(127): CController->render()
#14 /home/admin/web/popup.myhelper.website/public_html/framework/web/actions/CInlineAction.php(49): PopupController->actionIndex()
#15 /home/admin/web/popup.myhelper.website/public_html/framework/web/CController.php(308): CInlineAction->runWithParams()
#16 /home/admin/web/popup.myhelper.website/public_html/framework/web/filters/CFilterChain.php(134): CController->runAction()
#17 /home/admin/web/popup.myhelper.website/public_html/framework/web/filters/CFilter.php(40): CFilterChain->run()
#18 /home/admin/web/popup.myhelper.website/public_html/framework/web/CController.php(1148): CFilter->filter()
#19 /home/admin/web/popup.myhelper.website/public_html/framework/web/filters/CInlineFilter.php(58): CController->filterAccessControl()
#20 /home/admin/web/popup.myhelper.website/public_html/framework/web/filters/CFilterChain.php(131): CInlineFilter->filter()
#21 /home/admin/web/popup.myhelper.website/public_html/framework/web/CController.php(291): CFilterChain->run()
#22 /home/admin/web/popup.myhelper.website/public_html/framework/web/CController.php(265): CController->runActionWithFilters()
#23 /home/admin/web/popup.myhelper.website/public_html/framework/web/CWebApplication.php(282): CController->run()
#24 /home/admin/web/popup.myhelper.website/public_html/framework/web/CWebApplication.php(141): CWebApplication->runController()
#25 /home/admin/web/popup.myhelper.website/public_html/framework/base/CApplication.php(185): CWebApplication->processRequest()
#26 /home/admin/web/popup.myhelper.website/public_html/popup/index.php(13): CApplication->run()
#27 {main}
REQUEST_URI=/popup/index
HTTP_REFERER=https://popup.myhelper.website/popup/1
---
2022/06/11 10:30:17 [error] [exception.Error] Error: Undefined constant Yii::app in /home/admin/web/popup.myhelper.website/public_html/popup/protected/views/popup/_view.php:29
Stack trace:
#0 /home/admin/web/popup.myhelper.website/public_html/framework/web/CBaseController.php(130): require()
#1 /home/admin/web/popup.myhelper.website/public_html/framework/web/CBaseController.php(95): CBaseController->renderInternal()
#2 /home/admin/web/popup.myhelper.website/public_html/framework/zii/widgets/CListView.php(291): CBaseController->renderFile()
#3 /home/admin/web/popup.myhelper.website/public_html/framework/zii/widgets/CBaseListView.php(181): CListView->renderItems()
#4 [internal function]: CBaseListView->renderSection()
#5 /home/admin/web/popup.myhelper.website/public_html/framework/zii/widgets/CBaseListView.php(164): preg_replace_callback()
#6 /home/admin/web/popup.myhelper.website/public_html/framework/zii/widgets/CBaseListView.php(149): CBaseListView->renderContent()
#7 /home/admin/web/popup.myhelper.website/public_html/framework/web/CBaseController.php(182): CBaseListView->run()
#8 /home/admin/web/popup.myhelper.website/public_html/popup/protected/views/popup/index.php(19): CBaseController->widget()
#9 /home/admin/web/popup.myhelper.website/public_html/framework/web/CBaseController.php(126): require('...')
#10 /home/admin/web/popup.myhelper.website/public_html/framework/web/CBaseController.php(95): CBaseController->renderInternal()
#11 /home/admin/web/popup.myhelper.website/public_html/framework/web/CController.php(872): CBaseController->renderFile()
#12 /home/admin/web/popup.myhelper.website/public_html/framework/web/CController.php(785): CController->renderPartial()
#13 /home/admin/web/popup.myhelper.website/public_html/popup/protected/controllers/PopupController.php(127): CController->render()
#14 /home/admin/web/popup.myhelper.website/public_html/framework/web/actions/CInlineAction.php(49): PopupController->actionIndex()
#15 /home/admin/web/popup.myhelper.website/public_html/framework/web/CController.php(308): CInlineAction->runWithParams()
#16 /home/admin/web/popup.myhelper.website/public_html/framework/web/filters/CFilterChain.php(134): CController->runAction()
#17 /home/admin/web/popup.myhelper.website/public_html/framework/web/filters/CFilter.php(40): CFilterChain->run()
#18 /home/admin/web/popup.myhelper.website/public_html/framework/web/CController.php(1148): CFilter->filter()
#19 /home/admin/web/popup.myhelper.website/public_html/framework/web/filters/CInlineFilter.php(58): CController->filterAccessControl()
#20 /home/admin/web/popup.myhelper.website/public_html/framework/web/filters/CFilterChain.php(131): CInlineFilter->filter()
#21 /home/admin/web/popup.myhelper.website/public_html/framework/web/CController.php(291): CFilterChain->run()
#22 /home/admin/web/popup.myhelper.website/public_html/framework/web/CController.php(265): CController->runActionWithFilters()
#23 /home/admin/web/popup.myhelper.website/public_html/framework/web/CWebApplication.php(282): CController->run()
#24 /home/admin/web/popup.myhelper.website/public_html/framework/web/CWebApplication.php(141): CWebApplication->runController()
#25 /home/admin/web/popup.myhelper.website/public_html/framework/base/CApplication.php(185): CWebApplication->processRequest()
#26 /home/admin/web/popup.myhelper.website/public_html/popup/index.php(13): CApplication->run()
#27 {main}
REQUEST_URI=/popup/index
HTTP_REFERER=https://popup.myhelper.website/popup/1
---
2022/06/11 10:30:17 [error] [exception.Error] Error: Undefined constant Yii::app in /home/admin/web/popup.myhelper.website/public_html/popup/protected/views/popup/_view.php:29
Stack trace:
#0 /home/admin/web/popup.myhelper.website/public_html/framework/web/CBaseController.php(130): require()
#1 /home/admin/web/popup.myhelper.website/public_html/framework/web/CBaseController.php(95): CBaseController->renderInternal()
#2 /home/admin/web/popup.myhelper.website/public_html/framework/zii/widgets/CListView.php(291): CBaseController->renderFile()
#3 /home/admin/web/popup.myhelper.website/public_html/framework/zii/widgets/CBaseListView.php(181): CListView->renderItems()
#4 [internal function]: CBaseListView->renderSection()
#5 /home/admin/web/popup.myhelper.website/public_html/framework/zii/widgets/CBaseListView.php(164): preg_replace_callback()
#6 /home/admin/web/popup.myhelper.website/public_html/framework/zii/widgets/CBaseListView.php(149): CBaseListView->renderContent()
#7 /home/admin/web/popup.myhelper.website/public_html/framework/web/CBaseController.php(182): CBaseListView->run()
#8 /home/admin/web/popup.myhelper.website/public_html/popup/protected/views/popup/index.php(19): CBaseController->widget()
#9 /home/admin/web/popup.myhelper.website/public_html/framework/web/CBaseController.php(126): require('...')
#10 /home/admin/web/popup.myhelper.website/public_html/framework/web/CBaseController.php(95): CBaseController->renderInternal()
#11 /home/admin/web/popup.myhelper.website/public_html/framework/web/CController.php(872): CBaseController->renderFile()
#12 /home/admin/web/popup.myhelper.website/public_html/framework/web/CController.php(785): CController->renderPartial()
#13 /home/admin/web/popup.myhelper.website/public_html/popup/protected/controllers/PopupController.php(127): CController->render()
#14 /home/admin/web/popup.myhelper.website/public_html/framework/web/actions/CInlineAction.php(49): PopupController->actionIndex()
#15 /home/admin/web/popup.myhelper.website/public_html/framework/web/CController.php(308): CInlineAction->runWithParams()
#16 /home/admin/web/popup.myhelper.website/public_html/framework/web/filters/CFilterChain.php(134): CController->runAction()
#17 /home/admin/web/popup.myhelper.website/public_html/framework/web/filters/CFilter.php(40): CFilterChain->run()
#18 /home/admin/web/popup.myhelper.website/public_html/framework/web/CController.php(1148): CFilter->filter()
#19 /home/admin/web/popup.myhelper.website/public_html/framework/web/filters/CInlineFilter.php(58): CController->filterAccessControl()
#20 /home/admin/web/popup.myhelper.website/public_html/framework/web/filters/CFilterChain.php(131): CInlineFilter->filter()
#21 /home/admin/web/popup.myhelper.website/public_html/framework/web/CController.php(291): CFilterChain->run()
#22 /home/admin/web/popup.myhelper.website/public_html/framework/web/CController.php(265): CController->runActionWithFilters()
#23 /home/admin/web/popup.myhelper.website/public_html/framework/web/CWebApplication.php(282): CController->run()
#24 /home/admin/web/popup.myhelper.website/public_html/framework/web/CWebApplication.php(141): CWebApplication->runController()
#25 /home/admin/web/popup.myhelper.website/public_html/framework/base/CApplication.php(185): CWebApplication->processRequest()
#26 /home/admin/web/popup.myhelper.website/public_html/popup/index.php(13): CApplication->run()
#27 {main}
REQUEST_URI=/popup/index
HTTP_REFERER=https://popup.myhelper.website/popup/1
---
2022/06/11 10:30:18 [error] [exception.Error] Error: Undefined constant Yii::app in /home/admin/web/popup.myhelper.website/public_html/popup/protected/views/popup/_view.php:29
Stack trace:
#0 /home/admin/web/popup.myhelper.website/public_html/framework/web/CBaseController.php(130): require()
#1 /home/admin/web/popup.myhelper.website/public_html/framework/web/CBaseController.php(95): CBaseController->renderInternal()
#2 /home/admin/web/popup.myhelper.website/public_html/framework/zii/widgets/CListView.php(291): CBaseController->renderFile()
#3 /home/admin/web/popup.myhelper.website/public_html/framework/zii/widgets/CBaseListView.php(181): CListView->renderItems()
#4 [internal function]: CBaseListView->renderSection()
#5 /home/admin/web/popup.myhelper.website/public_html/framework/zii/widgets/CBaseListView.php(164): preg_replace_callback()
#6 /home/admin/web/popup.myhelper.website/public_html/framework/zii/widgets/CBaseListView.php(149): CBaseListView->renderContent()
#7 /home/admin/web/popup.myhelper.website/public_html/framework/web/CBaseController.php(182): CBaseListView->run()
#8 /home/admin/web/popup.myhelper.website/public_html/popup/protected/views/popup/index.php(19): CBaseController->widget()
#9 /home/admin/web/popup.myhelper.website/public_html/framework/web/CBaseController.php(126): require('...')
#10 /home/admin/web/popup.myhelper.website/public_html/framework/web/CBaseController.php(95): CBaseController->renderInternal()
#11 /home/admin/web/popup.myhelper.website/public_html/framework/web/CController.php(872): CBaseController->renderFile()
#12 /home/admin/web/popup.myhelper.website/public_html/framework/web/CController.php(785): CController->renderPartial()
#13 /home/admin/web/popup.myhelper.website/public_html/popup/protected/controllers/PopupController.php(127): CController->render()
#14 /home/admin/web/popup.myhelper.website/public_html/framework/web/actions/CInlineAction.php(49): PopupController->actionIndex()
#15 /home/admin/web/popup.myhelper.website/public_html/framework/web/CController.php(308): CInlineAction->runWithParams()
#16 /home/admin/web/popup.myhelper.website/public_html/framework/web/filters/CFilterChain.php(134): CController->runAction()
#17 /home/admin/web/popup.myhelper.website/public_html/framework/web/filters/CFilter.php(40): CFilterChain->run()
#18 /home/admin/web/popup.myhelper.website/public_html/framework/web/CController.php(1148): CFilter->filter()
#19 /home/admin/web/popup.myhelper.website/public_html/framework/web/filters/CInlineFilter.php(58): CController->filterAccessControl()
#20 /home/admin/web/popup.myhelper.website/public_html/framework/web/filters/CFilterChain.php(131): CInlineFilter->filter()
#21 /home/admin/web/popup.myhelper.website/public_html/framework/web/CController.php(291): CFilterChain->run()
#22 /home/admin/web/popup.myhelper.website/public_html/framework/web/CController.php(265): CController->runActionWithFilters()
#23 /home/admin/web/popup.myhelper.website/public_html/framework/web/CWebApplication.php(282): CController->run()
#24 /home/admin/web/popup.myhelper.website/public_html/framework/web/CWebApplication.php(141): CWebApplication->runController()
#25 /home/admin/web/popup.myhelper.website/public_html/framework/base/CApplication.php(185): CWebApplication->processRequest()
#26 /home/admin/web/popup.myhelper.website/public_html/popup/index.php(13): CApplication->run()
#27 {main}
REQUEST_URI=/popup/index
HTTP_REFERER=https://popup.myhelper.website/popup/1
---
2022/06/11 10:30:18 [error] [exception.Error] Error: Undefined constant Yii::app in /home/admin/web/popup.myhelper.website/public_html/popup/protected/views/popup/_view.php:29
Stack trace:
#0 /home/admin/web/popup.myhelper.website/public_html/framework/web/CBaseController.php(130): require()
#1 /home/admin/web/popup.myhelper.website/public_html/framework/web/CBaseController.php(95): CBaseController->renderInternal()
#2 /home/admin/web/popup.myhelper.website/public_html/framework/zii/widgets/CListView.php(291): CBaseController->renderFile()
#3 /home/admin/web/popup.myhelper.website/public_html/framework/zii/widgets/CBaseListView.php(181): CListView->renderItems()
#4 [internal function]: CBaseListView->renderSection()
#5 /home/admin/web/popup.myhelper.website/public_html/framework/zii/widgets/CBaseListView.php(164): preg_replace_callback()
#6 /home/admin/web/popup.myhelper.website/public_html/framework/zii/widgets/CBaseListView.php(149): CBaseListView->renderContent()
#7 /home/admin/web/popup.myhelper.website/public_html/framework/web/CBaseController.php(182): CBaseListView->run()
#8 /home/admin/web/popup.myhelper.website/public_html/popup/protected/views/popup/index.php(19): CBaseController->widget()
#9 /home/admin/web/popup.myhelper.website/public_html/framework/web/CBaseController.php(126): require('...')
#10 /home/admin/web/popup.myhelper.website/public_html/framework/web/CBaseController.php(95): CBaseController->renderInternal()
#11 /home/admin/web/popup.myhelper.website/public_html/framework/web/CController.php(872): CBaseController->renderFile()
#12 /home/admin/web/popup.myhelper.website/public_html/framework/web/CController.php(785): CController->renderPartial()
#13 /home/admin/web/popup.myhelper.website/public_html/popup/protected/controllers/PopupController.php(127): CController->render()
#14 /home/admin/web/popup.myhelper.website/public_html/framework/web/actions/CInlineAction.php(49): PopupController->actionIndex()
#15 /home/admin/web/popup.myhelper.website/public_html/framework/web/CController.php(308): CInlineAction->runWithParams()
#16 /home/admin/web/popup.myhelper.website/public_html/framework/web/filters/CFilterChain.php(134): CController->runAction()
#17 /home/admin/web/popup.myhelper.website/public_html/framework/web/filters/CFilter.php(40): CFilterChain->run()
#18 /home/admin/web/popup.myhelper.website/public_html/framework/web/CController.php(1148): CFilter->filter()
#19 /home/admin/web/popup.myhelper.website/public_html/framework/web/filters/CInlineFilter.php(58): CController->filterAccessControl()
#20 /home/admin/web/popup.myhelper.website/public_html/framework/web/filters/CFilterChain.php(131): CInlineFilter->filter()
#21 /home/admin/web/popup.myhelper.website/public_html/framework/web/CController.php(291): CFilterChain->run()
#22 /home/admin/web/popup.myhelper.website/public_html/framework/web/CController.php(265): CController->runActionWithFilters()
#23 /home/admin/web/popup.myhelper.website/public_html/framework/web/CWebApplication.php(282): CController->run()
#24 /home/admin/web/popup.myhelper.website/public_html/framework/web/CWebApplication.php(141): CWebApplication->runController()
#25 /home/admin/web/popup.myhelper.website/public_html/framework/base/CApplication.php(185): CWebApplication->processRequest()
#26 /home/admin/web/popup.myhelper.website/public_html/popup/index.php(13): CApplication->run()
#27 {main}
REQUEST_URI=/popup/index
HTTP_REFERER=https://popup.myhelper.website/popup/1
---
2022/06/11 10:30:18 [error] [exception.Error] Error: Undefined constant Yii::app in /home/admin/web/popup.myhelper.website/public_html/popup/protected/views/popup/_view.php:29
Stack trace:
#0 /home/admin/web/popup.myhelper.website/public_html/framework/web/CBaseController.php(130): require()
#1 /home/admin/web/popup.myhelper.website/public_html/framework/web/CBaseController.php(95): CBaseController->renderInternal()
#2 /home/admin/web/popup.myhelper.website/public_html/framework/zii/widgets/CListView.php(291): CBaseController->renderFile()
#3 /home/admin/web/popup.myhelper.website/public_html/framework/zii/widgets/CBaseListView.php(181): CListView->renderItems()
#4 [internal function]: CBaseListView->renderSection()
#5 /home/admin/web/popup.myhelper.website/public_html/framework/zii/widgets/CBaseListView.php(164): preg_replace_callback()
#6 /home/admin/web/popup.myhelper.website/public_html/framework/zii/widgets/CBaseListView.php(149): CBaseListView->renderContent()
#7 /home/admin/web/popup.myhelper.website/public_html/framework/web/CBaseController.php(182): CBaseListView->run()
#8 /home/admin/web/popup.myhelper.website/public_html/popup/protected/views/popup/index.php(19): CBaseController->widget()
#9 /home/admin/web/popup.myhelper.website/public_html/framework/web/CBaseController.php(126): require('...')
#10 /home/admin/web/popup.myhelper.website/public_html/framework/web/CBaseController.php(95): CBaseController->renderInternal()
#11 /home/admin/web/popup.myhelper.website/public_html/framework/web/CController.php(872): CBaseController->renderFile()
#12 /home/admin/web/popup.myhelper.website/public_html/framework/web/CController.php(785): CController->renderPartial()
#13 /home/admin/web/popup.myhelper.website/public_html/popup/protected/controllers/PopupController.php(127): CController->render()
#14 /home/admin/web/popup.myhelper.website/public_html/framework/web/actions/CInlineAction.php(49): PopupController->actionIndex()
#15 /home/admin/web/popup.myhelper.website/public_html/framework/web/CController.php(308): CInlineAction->runWithParams()
#16 /home/admin/web/popup.myhelper.website/public_html/framework/web/filters/CFilterChain.php(134): CController->runAction()
#17 /home/admin/web/popup.myhelper.website/public_html/framework/web/filters/CFilter.php(40): CFilterChain->run()
#18 /home/admin/web/popup.myhelper.website/public_html/framework/web/CController.php(1148): CFilter->filter()
#19 /home/admin/web/popup.myhelper.website/public_html/framework/web/filters/CInlineFilter.php(58): CController->filterAccessControl()
#20 /home/admin/web/popup.myhelper.website/public_html/framework/web/filters/CFilterChain.php(131): CInlineFilter->filter()
#21 /home/admin/web/popup.myhelper.website/public_html/framework/web/CController.php(291): CFilterChain->run()
#22 /home/admin/web/popup.myhelper.website/public_html/framework/web/CController.php(265): CController->runActionWithFilters()
#23 /home/admin/web/popup.myhelper.website/public_html/framework/web/CWebApplication.php(282): CController->run()
#24 /home/admin/web/popup.myhelper.website/public_html/framework/web/CWebApplication.php(141): CWebApplication->runController()
#25 /home/admin/web/popup.myhelper.website/public_html/framework/base/CApplication.php(185): CWebApplication->processRequest()
#26 /home/admin/web/popup.myhelper.website/public_html/popup/index.php(13): CApplication->run()
#27 {main}
REQUEST_URI=/popup/index
HTTP_REFERER=https://popup.myhelper.website/popup/1
---
2022/06/11 10:31:40 [error] [exception.CException] CException: CWebApplication and its behaviors do not have a method or closure named "createUrlBuilder". in /home/admin/web/popup.myhelper.website/public_html/framework/base/CComponent.php:266
Stack trace:
#0 /home/admin/web/popup.myhelper.website/public_html/popup/protected/views/popup/_view.php(29): CComponent->__call()
#1 /home/admin/web/popup.myhelper.website/public_html/framework/web/CBaseController.php(130): require('...')
#2 /home/admin/web/popup.myhelper.website/public_html/framework/web/CBaseController.php(95): CBaseController->renderInternal()
#3 /home/admin/web/popup.myhelper.website/public_html/framework/zii/widgets/CListView.php(291): CBaseController->renderFile()
#4 /home/admin/web/popup.myhelper.website/public_html/framework/zii/widgets/CBaseListView.php(181): CListView->renderItems()
#5 [internal function]: CBaseListView->renderSection()
#6 /home/admin/web/popup.myhelper.website/public_html/framework/zii/widgets/CBaseListView.php(164): preg_replace_callback()
#7 /home/admin/web/popup.myhelper.website/public_html/framework/zii/widgets/CBaseListView.php(149): CBaseListView->renderContent()
#8 /home/admin/web/popup.myhelper.website/public_html/framework/web/CBaseController.php(182): CBaseListView->run()
#9 /home/admin/web/popup.myhelper.website/public_html/popup/protected/views/popup/index.php(19): CBaseController->widget()
#10 /home/admin/web/popup.myhelper.website/public_html/framework/web/CBaseController.php(126): require('...')
#11 /home/admin/web/popup.myhelper.website/public_html/framework/web/CBaseController.php(95): CBaseController->renderInternal()
#12 /home/admin/web/popup.myhelper.website/public_html/framework/web/CController.php(872): CBaseController->renderFile()
#13 /home/admin/web/popup.myhelper.website/public_html/framework/web/CController.php(785): CController->renderPartial()
#14 /home/admin/web/popup.myhelper.website/public_html/popup/protected/controllers/PopupController.php(127): CController->render()
#15 /home/admin/web/popup.myhelper.website/public_html/framework/web/actions/CInlineAction.php(49): PopupController->actionIndex()
#16 /home/admin/web/popup.myhelper.website/public_html/framework/web/CController.php(308): CInlineAction->runWithParams()
#17 /home/admin/web/popup.myhelper.website/public_html/framework/web/filters/CFilterChain.php(134): CController->runAction()
#18 /home/admin/web/popup.myhelper.website/public_html/framework/web/filters/CFilter.php(40): CFilterChain->run()
#19 /home/admin/web/popup.myhelper.website/public_html/framework/web/CController.php(1148): CFilter->filter()
#20 /home/admin/web/popup.myhelper.website/public_html/framework/web/filters/CInlineFilter.php(58): CController->filterAccessControl()
#21 /home/admin/web/popup.myhelper.website/public_html/framework/web/filters/CFilterChain.php(131): CInlineFilter->filter()
#22 /home/admin/web/popup.myhelper.website/public_html/framework/web/CController.php(291): CFilterChain->run()
#23 /home/admin/web/popup.myhelper.website/public_html/framework/web/CController.php(265): CController->runActionWithFilters()
#24 /home/admin/web/popup.myhelper.website/public_html/framework/web/CWebApplication.php(282): CController->run()
#25 /home/admin/web/popup.myhelper.website/public_html/framework/web/CWebApplication.php(141): CWebApplication->runController()
#26 /home/admin/web/popup.myhelper.website/public_html/framework/base/CApplication.php(185): CWebApplication->processRequest()
#27 /home/admin/web/popup.myhelper.website/public_html/popup/index.php(13): CApplication->run()
#28 {main}
REQUEST_URI=/popup/index
HTTP_REFERER=https://popup.myhelper.website/popup/1
---
2022/06/11 10:39:05 [error] [exception.CHttpException.404] CHttpException: Unable to resolve the request "favicon.ico". in /home/admin/web/popup.myhelper.website/public_html/framework/web/CWebApplication.php:286
Stack trace:
#0 /home/admin/web/popup.myhelper.website/public_html/framework/web/CWebApplication.php(141): CWebApplication->runController()
#1 /home/admin/web/popup.myhelper.website/public_html/framework/base/CApplication.php(185): CWebApplication->processRequest()
#2 /home/admin/web/popup.myhelper.website/public_html/popup/index.php(13): CApplication->run()
#3 {main}
REQUEST_URI=/favicon.ico
---
2022/06/11 10:39:21 [error] [exception.CHttpException.404] CHttpException: The system is unable to find the requested action "id". in /home/admin/web/popup.myhelper.website/public_html/framework/web/CController.php:486
Stack trace:
#0 /home/admin/web/popup.myhelper.website/public_html/framework/web/CController.php(270): CController->missingAction()
#1 /home/admin/web/popup.myhelper.website/public_html/framework/web/CWebApplication.php(282): CController->run()
#2 /home/admin/web/popup.myhelper.website/public_html/framework/web/CWebApplication.php(141): CWebApplication->runController()
#3 /home/admin/web/popup.myhelper.website/public_html/framework/base/CApplication.php(185): CWebApplication->processRequest()
#4 /home/admin/web/popup.myhelper.website/public_html/popup/index.php(13): CApplication->run()
#5 {main}
REQUEST_URI=/script/id/1
---
2022/06/11 10:43:36 [error] [exception.ParseError] ParseError: syntax error, unexpected token ";", expecting ")" in /home/admin/web/popup.myhelper.website/public_html/popup/protected/views/popup/_view.php:31
Stack trace:
#0 /home/admin/web/popup.myhelper.website/public_html/framework/web/CBaseController.php(95): CBaseController->renderInternal()
#1 /home/admin/web/popup.myhelper.website/public_html/framework/zii/widgets/CListView.php(291): CBaseController->renderFile()
#2 /home/admin/web/popup.myhelper.website/public_html/framework/zii/widgets/CBaseListView.php(181): CListView->renderItems()
#3 [internal function]: CBaseListView->renderSection()
#4 /home/admin/web/popup.myhelper.website/public_html/framework/zii/widgets/CBaseListView.php(164): preg_replace_callback()
#5 /home/admin/web/popup.myhelper.website/public_html/framework/zii/widgets/CBaseListView.php(149): CBaseListView->renderContent()
#6 /home/admin/web/popup.myhelper.website/public_html/framework/web/CBaseController.php(182): CBaseListView->run()
#7 /home/admin/web/popup.myhelper.website/public_html/popup/protected/views/popup/index.php(19): CBaseController->widget()
#8 /home/admin/web/popup.myhelper.website/public_html/framework/web/CBaseController.php(126): require('...')
#9 /home/admin/web/popup.myhelper.website/public_html/framework/web/CBaseController.php(95): CBaseController->renderInternal()
#10 /home/admin/web/popup.myhelper.website/public_html/framework/web/CController.php(872): CBaseController->renderFile()
#11 /home/admin/web/popup.myhelper.website/public_html/framework/web/CController.php(785): CController->renderPartial()
#12 /home/admin/web/popup.myhelper.website/public_html/popup/protected/controllers/PopupController.php(127): CController->render()
#13 /home/admin/web/popup.myhelper.website/public_html/framework/web/actions/CInlineAction.php(49): PopupController->actionIndex()
#14 /home/admin/web/popup.myhelper.website/public_html/framework/web/CController.php(308): CInlineAction->runWithParams()
#15 /home/admin/web/popup.myhelper.website/public_html/framework/web/filters/CFilterChain.php(134): CController->runAction()
#16 /home/admin/web/popup.myhelper.website/public_html/framework/web/filters/CFilter.php(40): CFilterChain->run()
#17 /home/admin/web/popup.myhelper.website/public_html/framework/web/CController.php(1148): CFilter->filter()
#18 /home/admin/web/popup.myhelper.website/public_html/framework/web/filters/CInlineFilter.php(58): CController->filterAccessControl()
#19 /home/admin/web/popup.myhelper.website/public_html/framework/web/filters/CFilterChain.php(131): CInlineFilter->filter()
#20 /home/admin/web/popup.myhelper.website/public_html/framework/web/CController.php(291): CFilterChain->run()
#21 /home/admin/web/popup.myhelper.website/public_html/framework/web/CController.php(265): CController->runActionWithFilters()
#22 /home/admin/web/popup.myhelper.website/public_html/framework/web/CWebApplication.php(282): CController->run()
#23 /home/admin/web/popup.myhelper.website/public_html/framework/web/CWebApplication.php(141): CWebApplication->runController()
#24 /home/admin/web/popup.myhelper.website/public_html/framework/base/CApplication.php(185): CWebApplication->processRequest()
#25 /home/admin/web/popup.myhelper.website/public_html/popup/index.php(13): CApplication->run()
#26 {main}
REQUEST_URI=/popup/index
HTTP_REFERER=https://popup.myhelper.website/popup/1
---
2022/06/11 10:43:51 [error] [exception.ParseError] ParseError: syntax error, unexpected token ";", expecting ")" in /home/admin/web/popup.myhelper.website/public_html/popup/protected/views/popup/_view.php:31
Stack trace:
#0 /home/admin/web/popup.myhelper.website/public_html/framework/web/CBaseController.php(95): CBaseController->renderInternal()
#1 /home/admin/web/popup.myhelper.website/public_html/framework/zii/widgets/CListView.php(291): CBaseController->renderFile()
#2 /home/admin/web/popup.myhelper.website/public_html/framework/zii/widgets/CBaseListView.php(181): CListView->renderItems()
#3 [internal function]: CBaseListView->renderSection()
#4 /home/admin/web/popup.myhelper.website/public_html/framework/zii/widgets/CBaseListView.php(164): preg_replace_callback()
#5 /home/admin/web/popup.myhelper.website/public_html/framework/zii/widgets/CBaseListView.php(149): CBaseListView->renderContent()
#6 /home/admin/web/popup.myhelper.website/public_html/framework/web/CBaseController.php(182): CBaseListView->run()
#7 /home/admin/web/popup.myhelper.website/public_html/popup/protected/views/popup/index.php(19): CBaseController->widget()
#8 /home/admin/web/popup.myhelper.website/public_html/framework/web/CBaseController.php(126): require('...')
#9 /home/admin/web/popup.myhelper.website/public_html/framework/web/CBaseController.php(95): CBaseController->renderInternal()
#10 /home/admin/web/popup.myhelper.website/public_html/framework/web/CController.php(872): CBaseController->renderFile()
#11 /home/admin/web/popup.myhelper.website/public_html/framework/web/CController.php(785): CController->renderPartial()
#12 /home/admin/web/popup.myhelper.website/public_html/popup/protected/controllers/PopupController.php(127): CController->render()
#13 /home/admin/web/popup.myhelper.website/public_html/framework/web/actions/CInlineAction.php(49): PopupController->actionIndex()
#14 /home/admin/web/popup.myhelper.website/public_html/framework/web/CController.php(308): CInlineAction->runWithParams()
#15 /home/admin/web/popup.myhelper.website/public_html/framework/web/filters/CFilterChain.php(134): CController->runAction()
#16 /home/admin/web/popup.myhelper.website/public_html/framework/web/filters/CFilter.php(40): CFilterChain->run()
#17 /home/admin/web/popup.myhelper.website/public_html/framework/web/CController.php(1148): CFilter->filter()
#18 /home/admin/web/popup.myhelper.website/public_html/framework/web/filters/CInlineFilter.php(58): CController->filterAccessControl()
#19 /home/admin/web/popup.myhelper.website/public_html/framework/web/filters/CFilterChain.php(131): CInlineFilter->filter()
#20 /home/admin/web/popup.myhelper.website/public_html/framework/web/CController.php(291): CFilterChain->run()
#21 /home/admin/web/popup.myhelper.website/public_html/framework/web/CController.php(265): CController->runActionWithFilters()
#22 /home/admin/web/popup.myhelper.website/public_html/framework/web/CWebApplication.php(282): CController->run()
#23 /home/admin/web/popup.myhelper.website/public_html/framework/web/CWebApplication.php(141): CWebApplication->runController()
#24 /home/admin/web/popup.myhelper.website/public_html/framework/base/CApplication.php(185): CWebApplication->processRequest()
#25 /home/admin/web/popup.myhelper.website/public_html/popup/index.php(13): CApplication->run()
#26 {main}
REQUEST_URI=/popup/index
HTTP_REFERER=https://popup.myhelper.website/popup/1
---
2022/06/11 10:53:17 [error] [php] Attempt to read property "id" on null (/home/admin/web/popup.myhelper.website/public_html/popup/protected/views/site/index.php:20)
Stack trace:
#0 /home/admin/web/popup.myhelper.website/public_html/framework/web/CBaseController.php(126): require()
#1 /home/admin/web/popup.myhelper.website/public_html/framework/web/CBaseController.php(95): SiteController->renderInternal()
#2 /home/admin/web/popup.myhelper.website/public_html/framework/web/CController.php(872): SiteController->renderFile()
#3 /home/admin/web/popup.myhelper.website/public_html/framework/web/CController.php(785): SiteController->renderPartial()
#4 /home/admin/web/popup.myhelper.website/public_html/popup/protected/controllers/SiteController.php(32): SiteController->render()
#5 /home/admin/web/popup.myhelper.website/public_html/framework/web/actions/CInlineAction.php(49): SiteController->actionIndex()
#6 /home/admin/web/popup.myhelper.website/public_html/framework/web/CController.php(308): CInlineAction->runWithParams()
#7 /home/admin/web/popup.myhelper.website/public_html/framework/web/CController.php(286): SiteController->runAction()
#8 /home/admin/web/popup.myhelper.website/public_html/framework/web/CController.php(265): SiteController->runActionWithFilters()
#9 /home/admin/web/popup.myhelper.website/public_html/framework/web/CWebApplication.php(282): SiteController->run()
#10 /home/admin/web/popup.myhelper.website/public_html/framework/web/CWebApplication.php(141): CWebApplication->runController()
#11 /home/admin/web/popup.myhelper.website/public_html/framework/base/CApplication.php(185): CWebApplication->processRequest()
#12 /home/admin/web/popup.myhelper.website/public_html/popup/index.php(13): CWebApplication->run()
REQUEST_URI=/site/index
in /home/admin/web/popup.myhelper.website/public_html/popup/protected/views/site/index.php (20)
in /home/admin/web/popup.myhelper.website/public_html/popup/protected/controllers/SiteController.php (32)
in /home/admin/web/popup.myhelper.website/public_html/popup/index.php (13)
2022/06/11 10:53:22 [error] [php] Attempt to read property "id" on null (/home/admin/web/popup.myhelper.website/public_html/popup/protected/views/site/index.php:20)
Stack trace:
#0 /home/admin/web/popup.myhelper.website/public_html/framework/web/CBaseController.php(126): require()
#1 /home/admin/web/popup.myhelper.website/public_html/framework/web/CBaseController.php(95): SiteController->renderInternal()
#2 /home/admin/web/popup.myhelper.website/public_html/framework/web/CController.php(872): SiteController->renderFile()
#3 /home/admin/web/popup.myhelper.website/public_html/framework/web/CController.php(785): SiteController->renderPartial()
#4 /home/admin/web/popup.myhelper.website/public_html/popup/protected/controllers/SiteController.php(32): SiteController->render()
#5 /home/admin/web/popup.myhelper.website/public_html/framework/web/actions/CInlineAction.php(49): SiteController->actionIndex()
#6 /home/admin/web/popup.myhelper.website/public_html/framework/web/CController.php(308): CInlineAction->runWithParams()
#7 /home/admin/web/popup.myhelper.website/public_html/framework/web/CController.php(286): SiteController->runAction()
#8 /home/admin/web/popup.myhelper.website/public_html/framework/web/CController.php(265): SiteController->runActionWithFilters()
#9 /home/admin/web/popup.myhelper.website/public_html/framework/web/CWebApplication.php(282): SiteController->run()
#10 /home/admin/web/popup.myhelper.website/public_html/framework/web/CWebApplication.php(141): CWebApplication->runController()
#11 /home/admin/web/popup.myhelper.website/public_html/framework/base/CApplication.php(185): CWebApplication->processRequest()
#12 /home/admin/web/popup.myhelper.website/public_html/popup/index.php(13): CWebApplication->run()
REQUEST_URI=/
in /home/admin/web/popup.myhelper.website/public_html/popup/protected/views/site/index.php (20)
in /home/admin/web/popup.myhelper.website/public_html/popup/protected/controllers/SiteController.php (32)
in /home/admin/web/popup.myhelper.website/public_html/popup/index.php (13)
2022/06/11 10:53:37 [error] [exception.ParseError] ParseError: syntax error, unexpected floating-point number ".1", expecting ")" in /home/admin/web/popup.myhelper.website/public_html/popup/protected/views/site/index.php:20
Stack trace:
#0 /home/admin/web/popup.myhelper.website/public_html/framework/web/CBaseController.php(95): CBaseController->renderInternal()
#1 /home/admin/web/popup.myhelper.website/public_html/framework/web/CController.php(872): CBaseController->renderFile()
#2 /home/admin/web/popup.myhelper.website/public_html/framework/web/CController.php(785): CController->renderPartial()
#3 /home/admin/web/popup.myhelper.website/public_html/popup/protected/controllers/SiteController.php(32): CController->render()
#4 /home/admin/web/popup.myhelper.website/public_html/framework/web/actions/CInlineAction.php(49): SiteController->actionIndex()
#5 /home/admin/web/popup.myhelper.website/public_html/framework/web/CController.php(308): CInlineAction->runWithParams()
#6 /home/admin/web/popup.myhelper.website/public_html/framework/web/CController.php(286): CController->runAction()
#7 /home/admin/web/popup.myhelper.website/public_html/framework/web/CController.php(265): CController->runActionWithFilters()
#8 /home/admin/web/popup.myhelper.website/public_html/framework/web/CWebApplication.php(282): CController->run()
#9 /home/admin/web/popup.myhelper.website/public_html/framework/web/CWebApplication.php(141): CWebApplication->runController()
#10 /home/admin/web/popup.myhelper.website/public_html/framework/base/CApplication.php(185): CWebApplication->processRequest()
#11 /home/admin/web/popup.myhelper.website/public_html/popup/index.php(13): CApplication->run()
#12 {main}
REQUEST_URI=/site/index
HTTP_REFERER=https://popup.myhelper.website/popup/admin
---
2022/06/11 11:18:18 [error] [php] Undefined variable $data (/home/admin/web/popup.myhelper.website/public_html/popup/protected/controllers/ScriptController.php:58)
Stack trace:
#0 unknown(0): ScriptController->actionTest()
#1 /home/admin/web/popup.myhelper.website/public_html/framework/web/actions/CAction.php(115): ReflectionMethod->invokeArgs()
#2 /home/admin/web/popup.myhelper.website/public_html/framework/web/actions/CInlineAction.php(47): CInlineAction->runWithParamsInternal()
#3 /home/admin/web/popup.myhelper.website/public_html/framework/web/CController.php(308): CInlineAction->runWithParams()
#4 /home/admin/web/popup.myhelper.website/public_html/framework/web/CController.php(286): ScriptController->runAction()
#5 /home/admin/web/popup.myhelper.website/public_html/framework/web/CController.php(265): ScriptController->runActionWithFilters()
#6 /home/admin/web/popup.myhelper.website/public_html/framework/web/CWebApplication.php(282): ScriptController->run()
#7 /home/admin/web/popup.myhelper.website/public_html/framework/web/CWebApplication.php(141): CWebApplication->runController()
#8 /home/admin/web/popup.myhelper.website/public_html/framework/base/CApplication.php(185): CWebApplication->processRequest()
#9 /home/admin/web/popup.myhelper.website/public_html/popup/index.php(13): CWebApplication->run()
REQUEST_URI=/script/test?id=1
in /home/admin/web/popup.myhelper.website/public_html/popup/protected/controllers/ScriptController.php (58)
in /home/admin/web/popup.myhelper.website/public_html/popup/index.php (13)
2022/06/11 11:20:20 [error] [php] Undefined variable $model (/home/admin/web/popup.myhelper.website/public_html/popup/protected/controllers/ScriptController.php:57)
Stack trace:
#0 unknown(0): ScriptController->actionTest()
#1 /home/admin/web/popup.myhelper.website/public_html/framework/web/actions/CAction.php(115): ReflectionMethod->invokeArgs()
#2 /home/admin/web/popup.myhelper.website/public_html/framework/web/actions/CInlineAction.php(47): CInlineAction->runWithParamsInternal()
#3 /home/admin/web/popup.myhelper.website/public_html/framework/web/CController.php(308): CInlineAction->runWithParams()
#4 /home/admin/web/popup.myhelper.website/public_html/framework/web/CController.php(286): ScriptController->runAction()
#5 /home/admin/web/popup.myhelper.website/public_html/framework/web/CController.php(265): ScriptController->runActionWithFilters()
#6 /home/admin/web/popup.myhelper.website/public_html/framework/web/CWebApplication.php(282): ScriptController->run()
#7 /home/admin/web/popup.myhelper.website/public_html/framework/web/CWebApplication.php(141): CWebApplication->runController()
#8 /home/admin/web/popup.myhelper.website/public_html/framework/base/CApplication.php(185): CWebApplication->processRequest()
#9 /home/admin/web/popup.myhelper.website/public_html/popup/index.php(13): CWebApplication->run()
REQUEST_URI=/script/test?id=1
in /home/admin/web/popup.myhelper.website/public_html/popup/protected/controllers/ScriptController.php (57)
in /home/admin/web/popup.myhelper.website/public_html/popup/index.php (13)
2022/06/11 11:20:34 [error] [system.db.CDbCommand] CDbCommand::fetch() failed: SQLSTATE[42000]: Syntax error or access violation: 1064 You have an error in your SQL syntax; check the manual that corresponds to your MariaDB server version for the right syntax to use near 'LIMIT 1' at line 1. The SQL statement executed was: SELECT * FROM `tbl_popup` `t` WHERE id=1> LIMIT 1.
in /home/admin/web/popup.myhelper.website/public_html/popup/protected/controllers/ScriptController.php (21)
in /home/admin/web/popup.myhelper.website/public_html/popup/index.php (13)
2022/06/11 11:20:34 [error] [exception.CDbException] CDbException: CDbCommand failed to execute the SQL statement: SQLSTATE[42000]: Syntax error or access violation: 1064 You have an error in your SQL syntax; check the manual that corresponds to your MariaDB server version for the right syntax to use near 'LIMIT 1' at line 1. The SQL statement executed was: SELECT * FROM `tbl_popup` `t` WHERE id=1> LIMIT 1 in /home/admin/web/popup.myhelper.website/public_html/framework/db/CDbCommand.php:543
Stack trace:
#0 /home/admin/web/popup.myhelper.website/public_html/framework/db/CDbCommand.php(415): CDbCommand->queryInternal()
#1 /home/admin/web/popup.myhelper.website/public_html/framework/db/ar/CActiveRecord.php(1359): CDbCommand->queryRow()
#2 /home/admin/web/popup.myhelper.website/public_html/framework/db/ar/CActiveRecord.php(1464): CActiveRecord->query()
#3 /home/admin/web/popup.myhelper.website/public_html/popup/protected/controllers/ScriptController.php(21): CActiveRecord->find()
#4 [internal function]: ScriptController->actionIndex()
#5 /home/admin/web/popup.myhelper.website/public_html/framework/web/actions/CAction.php(115): ReflectionMethod->invokeArgs()
#6 /home/admin/web/popup.myhelper.website/public_html/framework/web/actions/CInlineAction.php(47): CAction->runWithParamsInternal()
#7 /home/admin/web/popup.myhelper.website/public_html/framework/web/CController.php(308): CInlineAction->runWithParams()
#8 /home/admin/web/popup.myhelper.website/public_html/framework/web/CController.php(286): CController->runAction()
#9 /home/admin/web/popup.myhelper.website/public_html/framework/web/CController.php(265): CController->runActionWithFilters()
#10 /home/admin/web/popup.myhelper.website/public_html/framework/web/CWebApplication.php(282): CController->run()
#11 /home/admin/web/popup.myhelper.website/public_html/framework/web/CWebApplication.php(141): CWebApplication->runController()
#12 /home/admin/web/popup.myhelper.website/public_html/framework/base/CApplication.php(185): CWebApplication->processRequest()
#13 /home/admin/web/popup.myhelper.website/public_html/popup/index.php(13): CApplication->run()
#14 {main}
REQUEST_URI=/script?id=1%3E
HTTP_REFERER=https://popup.myhelper.website/script/test?id=1
---
2022/06/11 11:22:45 [error] [exception.CException] CException: Property "TblPopup.is_on" is not defined. in /home/admin/web/popup.myhelper.website/public_html/framework/base/CComponent.php:130
Stack trace:
#0 /home/admin/web/popup.myhelper.website/public_html/framework/db/ar/CActiveRecord.php(145): CComponent->__get()
#1 /home/admin/web/popup.myhelper.website/public_html/popup/protected/controllers/ScriptController.php(68): CActiveRecord->__get()
#2 [internal function]: ScriptController->actionTest()
#3 /home/admin/web/popup.myhelper.website/public_html/framework/web/actions/CAction.php(115): ReflectionMethod->invokeArgs()
#4 /home/admin/web/popup.myhelper.website/public_html/framework/web/actions/CInlineAction.php(47): CAction->runWithParamsInternal()
#5 /home/admin/web/popup.myhelper.website/public_html/framework/web/CController.php(308): CInlineAction->runWithParams()
#6 /home/admin/web/popup.myhelper.website/public_html/framework/web/CController.php(286): CController->runAction()
#7 /home/admin/web/popup.myhelper.website/public_html/framework/web/CController.php(265): CController->runActionWithFilters()
#8 /home/admin/web/popup.myhelper.website/public_html/framework/web/CWebApplication.php(282): CController->run()
#9 /home/admin/web/popup.myhelper.website/public_html/framework/web/CWebApplication.php(141): CWebApplication->runController()
#10 /home/admin/web/popup.myhelper.website/public_html/framework/base/CApplication.php(185): CWebApplication->processRequest()
#11 /home/admin/web/popup.myhelper.website/public_html/popup/index.php(13): CApplication->run()
#12 {main}
REQUEST_URI=/script/test?id=1
HTTP_REFERER=https://popup.myhelper.website/popup/index?view=popup
---
2022/06/11 11:22:57 [error] [system.db.CDbCommand] CDbCommand::fetch() failed: SQLSTATE[42000]: Syntax error or access violation: 1064 You have an error in your SQL syntax; check the manual that corresponds to your MariaDB server version for the right syntax to use near 'LIMIT 1' at line 1. The SQL statement executed was: SELECT * FROM `tbl_popup` `t` WHERE id=1> LIMIT 1.
in /home/admin/web/popup.myhelper.website/public_html/popup/protected/controllers/ScriptController.php (21)
in /home/admin/web/popup.myhelper.website/public_html/popup/index.php (13)
2022/06/11 11:22:57 [error] [exception.CDbException] CDbException: CDbCommand failed to execute the SQL statement: SQLSTATE[42000]: Syntax error or access violation: 1064 You have an error in your SQL syntax; check the manual that corresponds to your MariaDB server version for the right syntax to use near 'LIMIT 1' at line 1. The SQL statement executed was: SELECT * FROM `tbl_popup` `t` WHERE id=1> LIMIT 1 in /home/admin/web/popup.myhelper.website/public_html/framework/db/CDbCommand.php:543
Stack trace:
#0 /home/admin/web/popup.myhelper.website/public_html/framework/db/CDbCommand.php(415): CDbCommand->queryInternal()
#1 /home/admin/web/popup.myhelper.website/public_html/framework/db/ar/CActiveRecord.php(1359): CDbCommand->queryRow()
#2 /home/admin/web/popup.myhelper.website/public_html/framework/db/ar/CActiveRecord.php(1464): CActiveRecord->query()
#3 /home/admin/web/popup.myhelper.website/public_html/popup/protected/controllers/ScriptController.php(21): CActiveRecord->find()
#4 [internal function]: ScriptController->actionIndex()
#5 /home/admin/web/popup.myhelper.website/public_html/framework/web/actions/CAction.php(115): ReflectionMethod->invokeArgs()
#6 /home/admin/web/popup.myhelper.website/public_html/framework/web/actions/CInlineAction.php(47): CAction->runWithParamsInternal()
#7 /home/admin/web/popup.myhelper.website/public_html/framework/web/CController.php(308): CInlineAction->runWithParams()
#8 /home/admin/web/popup.myhelper.website/public_html/framework/web/CController.php(286): CController->runAction()
#9 /home/admin/web/popup.myhelper.website/public_html/framework/web/CController.php(265): CController->runActionWithFilters()
#10 /home/admin/web/popup.myhelper.website/public_html/framework/web/CWebApplication.php(282): CController->run()
#11 /home/admin/web/popup.myhelper.website/public_html/framework/web/CWebApplication.php(141): CWebApplication->runController()
#12 /home/admin/web/popup.myhelper.website/public_html/framework/base/CApplication.php(185): CWebApplication->processRequest()
#13 /home/admin/web/popup.myhelper.website/public_html/popup/index.php(13): CApplication->run()
#14 {main}
REQUEST_URI=/script?id=1%3E
HTTP_REFERER=https://popup.myhelper.website/script/test?id=1
---
2022/06/11 11:24:18 [error] [system.db.CDbCommand] CDbCommand::fetch() failed: SQLSTATE[42000]: Syntax error or access violation: 1064 You have an error in your SQL syntax; check the manual that corresponds to your MariaDB server version for the right syntax to use near 'LIMIT 1' at line 1. The SQL statement executed was: SELECT * FROM `tbl_popup` `t` WHERE id=1> LIMIT 1.
in /home/admin/web/popup.myhelper.website/public_html/popup/protected/controllers/ScriptController.php (21)
in /home/admin/web/popup.myhelper.website/public_html/popup/index.php (13)
2022/06/11 11:24:18 [error] [exception.CDbException] CDbException: CDbCommand failed to execute the SQL statement: SQLSTATE[42000]: Syntax error or access violation: 1064 You have an error in your SQL syntax; check the manual that corresponds to your MariaDB server version for the right syntax to use near 'LIMIT 1' at line 1. The SQL statement executed was: SELECT * FROM `tbl_popup` `t` WHERE id=1> LIMIT 1 in /home/admin/web/popup.myhelper.website/public_html/framework/db/CDbCommand.php:543
Stack trace:
#0 /home/admin/web/popup.myhelper.website/public_html/framework/db/CDbCommand.php(415): CDbCommand->queryInternal()
#1 /home/admin/web/popup.myhelper.website/public_html/framework/db/ar/CActiveRecord.php(1359): CDbCommand->queryRow()
#2 /home/admin/web/popup.myhelper.website/public_html/framework/db/ar/CActiveRecord.php(1464): CActiveRecord->query()
#3 /home/admin/web/popup.myhelper.website/public_html/popup/protected/controllers/ScriptController.php(21): CActiveRecord->find()
#4 [internal function]: ScriptController->actionIndex()
#5 /home/admin/web/popup.myhelper.website/public_html/framework/web/actions/CAction.php(115): ReflectionMethod->invokeArgs()
#6 /home/admin/web/popup.myhelper.website/public_html/framework/web/actions/CInlineAction.php(47): CAction->runWithParamsInternal()
#7 /home/admin/web/popup.myhelper.website/public_html/framework/web/CController.php(308): CInlineAction->runWithParams()
#8 /home/admin/web/popup.myhelper.website/public_html/framework/web/CController.php(286): CController->runAction()
#9 /home/admin/web/popup.myhelper.website/public_html/framework/web/CController.php(265): CController->runActionWithFilters()
#10 /home/admin/web/popup.myhelper.website/public_html/framework/web/CWebApplication.php(282): CController->run()
#11 /home/admin/web/popup.myhelper.website/public_html/framework/web/CWebApplication.php(141): CWebApplication->runController()
#12 /home/admin/web/popup.myhelper.website/public_html/framework/base/CApplication.php(185): CWebApplication->processRequest()
#13 /home/admin/web/popup.myhelper.website/public_html/popup/index.php(13): CApplication->run()
#14 {main}
REQUEST_URI=/script?id=1%3E
HTTP_REFERER=https://popup.myhelper.website/script/test?id=1
---
2022/06/11 11:24:41 [error] [system.db.CDbCommand] CDbCommand::fetch() failed: SQLSTATE[42000]: Syntax error or access violation: 1064 You have an error in your SQL syntax; check the manual that corresponds to your MariaDB server version for the right syntax to use near 'LIMIT 1' at line 1. The SQL statement executed was: SELECT * FROM `tbl_popup` `t` WHERE id=1> LIMIT 1.
in /home/admin/web/popup.myhelper.website/public_html/popup/protected/controllers/ScriptController.php (21)
in /home/admin/web/popup.myhelper.website/public_html/popup/index.php (13)
2022/06/11 11:24:41 [error] [exception.CDbException] CDbException: CDbCommand failed to execute the SQL statement: SQLSTATE[42000]: Syntax error or access violation: 1064 You have an error in your SQL syntax; check the manual that corresponds to your MariaDB server version for the right syntax to use near 'LIMIT 1' at line 1. The SQL statement executed was: SELECT * FROM `tbl_popup` `t` WHERE id=1> LIMIT 1 in /home/admin/web/popup.myhelper.website/public_html/framework/db/CDbCommand.php:543
Stack trace:
#0 /home/admin/web/popup.myhelper.website/public_html/framework/db/CDbCommand.php(415): CDbCommand->queryInternal()
#1 /home/admin/web/popup.myhelper.website/public_html/framework/db/ar/CActiveRecord.php(1359): CDbCommand->queryRow()
#2 /home/admin/web/popup.myhelper.website/public_html/framework/db/ar/CActiveRecord.php(1464): CActiveRecord->query()
#3 /home/admin/web/popup.myhelper.website/public_html/popup/protected/controllers/ScriptController.php(21): CActiveRecord->find()
#4 [internal function]: ScriptController->actionIndex()
#5 /home/admin/web/popup.myhelper.website/public_html/framework/web/actions/CAction.php(115): ReflectionMethod->invokeArgs()
#6 /home/admin/web/popup.myhelper.website/public_html/framework/web/actions/CInlineAction.php(47): CAction->runWithParamsInternal()
#7 /home/admin/web/popup.myhelper.website/public_html/framework/web/CController.php(308): CInlineAction->runWithParams()
#8 /home/admin/web/popup.myhelper.website/public_html/framework/web/CController.php(286): CController->runAction()
#9 /home/admin/web/popup.myhelper.website/public_html/framework/web/CController.php(265): CController->runActionWithFilters()
#10 /home/admin/web/popup.myhelper.website/public_html/framework/web/CWebApplication.php(282): CController->run()
#11 /home/admin/web/popup.myhelper.website/public_html/framework/web/CWebApplication.php(141): CWebApplication->runController()
#12 /home/admin/web/popup.myhelper.website/public_html/framework/base/CApplication.php(185): CWebApplication->processRequest()
#13 /home/admin/web/popup.myhelper.website/public_html/popup/index.php(13): CApplication->run()
#14 {main}
REQUEST_URI=/script?id=1%3E
HTTP_REFERER=https://popup.myhelper.website/script/test?id=1
---
2022/06/11 11:25:06 [error] [system.db.CDbCommand] CDbCommand::fetch() failed: SQLSTATE[42000]: Syntax error or access violation: 1064 You have an error in your SQL syntax; check the manual that corresponds to your MariaDB server version for the right syntax to use near 'LIMIT 1' at line 1. The SQL statement executed was: SELECT * FROM `tbl_popup` `t` WHERE id=1> LIMIT 1.
in /home/admin/web/popup.myhelper.website/public_html/popup/protected/controllers/ScriptController.php (21)
in /home/admin/web/popup.myhelper.website/public_html/popup/index.php (13)
2022/06/11 11:25:06 [error] [exception.CDbException] CDbException: CDbCommand failed to execute the SQL statement: SQLSTATE[42000]: Syntax error or access violation: 1064 You have an error in your SQL syntax; check the manual that corresponds to your MariaDB server version for the right syntax to use near 'LIMIT 1' at line 1. The SQL statement executed was: SELECT * FROM `tbl_popup` `t` WHERE id=1> LIMIT 1 in /home/admin/web/popup.myhelper.website/public_html/framework/db/CDbCommand.php:543
Stack trace:
#0 /home/admin/web/popup.myhelper.website/public_html/framework/db/CDbCommand.php(415): CDbCommand->queryInternal()
#1 /home/admin/web/popup.myhelper.website/public_html/framework/db/ar/CActiveRecord.php(1359): CDbCommand->queryRow()
#2 /home/admin/web/popup.myhelper.website/public_html/framework/db/ar/CActiveRecord.php(1464): CActiveRecord->query()
#3 /home/admin/web/popup.myhelper.website/public_html/popup/protected/controllers/ScriptController.php(21): CActiveRecord->find()
#4 [internal function]: ScriptController->actionIndex()
#5 /home/admin/web/popup.myhelper.website/public_html/framework/web/actions/CAction.php(115): ReflectionMethod->invokeArgs()
#6 /home/admin/web/popup.myhelper.website/public_html/framework/web/actions/CInlineAction.php(47): CAction->runWithParamsInternal()
#7 /home/admin/web/popup.myhelper.website/public_html/framework/web/CController.php(308): CInlineAction->runWithParams()
#8 /home/admin/web/popup.myhelper.website/public_html/framework/web/CController.php(286): CController->runAction()
#9 /home/admin/web/popup.myhelper.website/public_html/framework/web/CController.php(265): CController->runActionWithFilters()
#10 /home/admin/web/popup.myhelper.website/public_html/framework/web/CWebApplication.php(282): CController->run()
#11 /home/admin/web/popup.myhelper.website/public_html/framework/web/CWebApplication.php(141): CWebApplication->runController()
#12 /home/admin/web/popup.myhelper.website/public_html/framework/base/CApplication.php(185): CWebApplication->processRequest()
#13 /home/admin/web/popup.myhelper.website/public_html/popup/index.php(13): CApplication->run()
#14 {main}
REQUEST_URI=/script?id=1%3E
HTTP_REFERER=https://popup.myhelper.website/script/test?id=1
---
2022/06/11 11:25:34 [error] [system.db.CDbCommand] CDbCommand::fetch() failed: SQLSTATE[42000]: Syntax error or access violation: 1064 You have an error in your SQL syntax; check the manual that corresponds to your MariaDB server version for the right syntax to use near 'LIMIT 1' at line 1. The SQL statement executed was: SELECT * FROM `tbl_popup` `t` WHERE id=1> LIMIT 1.
in /home/admin/web/popup.myhelper.website/public_html/popup/protected/controllers/ScriptController.php (21)
in /home/admin/web/popup.myhelper.website/public_html/popup/index.php (13)
2022/06/11 11:25:34 [error] [exception.CDbException] CDbException: CDbCommand failed to execute the SQL statement: SQLSTATE[42000]: Syntax error or access violation: 1064 You have an error in your SQL syntax; check the manual that corresponds to your MariaDB server version for the right syntax to use near 'LIMIT 1' at line 1. The SQL statement executed was: SELECT * FROM `tbl_popup` `t` WHERE id=1> LIMIT 1 in /home/admin/web/popup.myhelper.website/public_html/framework/db/CDbCommand.php:543
Stack trace:
#0 /home/admin/web/popup.myhelper.website/public_html/framework/db/CDbCommand.php(415): CDbCommand->queryInternal()
#1 /home/admin/web/popup.myhelper.website/public_html/framework/db/ar/CActiveRecord.php(1359): CDbCommand->queryRow()
#2 /home/admin/web/popup.myhelper.website/public_html/framework/db/ar/CActiveRecord.php(1464): CActiveRecord->query()
#3 /home/admin/web/popup.myhelper.website/public_html/popup/protected/controllers/ScriptController.php(21): CActiveRecord->find()
#4 [internal function]: ScriptController->actionIndex()
#5 /home/admin/web/popup.myhelper.website/public_html/framework/web/actions/CAction.php(115): ReflectionMethod->invokeArgs()
#6 /home/admin/web/popup.myhelper.website/public_html/framework/web/actions/CInlineAction.php(47): CAction->runWithParamsInternal()
#7 /home/admin/web/popup.myhelper.website/public_html/framework/web/CController.php(308): CInlineAction->runWithParams()
#8 /home/admin/web/popup.myhelper.website/public_html/framework/web/CController.php(286): CController->runAction()
#9 /home/admin/web/popup.myhelper.website/public_html/framework/web/CController.php(265): CController->runActionWithFilters()
#10 /home/admin/web/popup.myhelper.website/public_html/framework/web/CWebApplication.php(282): CController->run()
#11 /home/admin/web/popup.myhelper.website/public_html/framework/web/CWebApplication.php(141): CWebApplication->runController()
#12 /home/admin/web/popup.myhelper.website/public_html/framework/base/CApplication.php(185): CWebApplication->processRequest()
#13 /home/admin/web/popup.myhelper.website/public_html/popup/index.php(13): CApplication->run()
#14 {main}
REQUEST_URI=/script?id=1%3E
HTTP_REFERER=https://popup.myhelper.website/script/test?id=1
---
2022/06/11 11:25:43 [error] [system.db.CDbCommand] CDbCommand::fetch() failed: SQLSTATE[42000]: Syntax error or access violation: 1064 You have an error in your SQL syntax; check the manual that corresponds to your MariaDB server version for the right syntax to use near 'LIMIT 1' at line 1. The SQL statement executed was: SELECT * FROM `tbl_popup` `t` WHERE id=1> LIMIT 1.
in /home/admin/web/popup.myhelper.website/public_html/popup/protected/controllers/ScriptController.php (21)
in /home/admin/web/popup.myhelper.website/public_html/popup/index.php (13)
2022/06/11 11:25:43 [error] [exception.CDbException] CDbException: CDbCommand failed to execute the SQL statement: SQLSTATE[42000]: Syntax error or access violation: 1064 You have an error in your SQL syntax; check the manual that corresponds to your MariaDB server version for the right syntax to use near 'LIMIT 1' at line 1. The SQL statement executed was: SELECT * FROM `tbl_popup` `t` WHERE id=1> LIMIT 1 in /home/admin/web/popup.myhelper.website/public_html/framework/db/CDbCommand.php:543
Stack trace:
#0 /home/admin/web/popup.myhelper.website/public_html/framework/db/CDbCommand.php(415): CDbCommand->queryInternal()
#1 /home/admin/web/popup.myhelper.website/public_html/framework/db/ar/CActiveRecord.php(1359): CDbCommand->queryRow()
#2 /home/admin/web/popup.myhelper.website/public_html/framework/db/ar/CActiveRecord.php(1464): CActiveRecord->query()
#3 /home/admin/web/popup.myhelper.website/public_html/popup/protected/controllers/ScriptController.php(21): CActiveRecord->find()
#4 [internal function]: ScriptController->actionIndex()
#5 /home/admin/web/popup.myhelper.website/public_html/framework/web/actions/CAction.php(115): ReflectionMethod->invokeArgs()
#6 /home/admin/web/popup.myhelper.website/public_html/framework/web/actions/CInlineAction.php(47): CAction->runWithParamsInternal()
#7 /home/admin/web/popup.myhelper.website/public_html/framework/web/CController.php(308): CInlineAction->runWithParams()
#8 /home/admin/web/popup.myhelper.website/public_html/framework/web/CController.php(286): CController->runAction()
#9 /home/admin/web/popup.myhelper.website/public_html/framework/web/CController.php(265): CController->runActionWithFilters()
#10 /home/admin/web/popup.myhelper.website/public_html/framework/web/CWebApplication.php(282): CController->run()
#11 /home/admin/web/popup.myhelper.website/public_html/framework/web/CWebApplication.php(141): CWebApplication->runController()
#12 /home/admin/web/popup.myhelper.website/public_html/framework/base/CApplication.php(185): CWebApplication->processRequest()
#13 /home/admin/web/popup.myhelper.website/public_html/popup/index.php(13): CApplication->run()
#14 {main}
REQUEST_URI=/script?id=1%3E
HTTP_REFERER=https://popup.myhelper.website/script/test?id=1
---
2022/06/11 11:26:24 [error] [system.db.CDbCommand] CDbCommand::fetch() failed: SQLSTATE[42000]: Syntax error or access violation: 1064 You have an error in your SQL syntax; check the manual that corresponds to your MariaDB server version for the right syntax to use near 'LIMIT 1' at line 1. The SQL statement executed was: SELECT * FROM `tbl_popup` `t` WHERE id=2> LIMIT 1.
in /home/admin/web/popup.myhelper.website/public_html/popup/protected/controllers/ScriptController.php (21)
in /home/admin/web/popup.myhelper.website/public_html/popup/index.php (13)
2022/06/11 11:26:24 [error] [exception.CDbException] CDbException: CDbCommand failed to execute the SQL statement: SQLSTATE[42000]: Syntax error or access violation: 1064 You have an error in your SQL syntax; check the manual that corresponds to your MariaDB server version for the right syntax to use near 'LIMIT 1' at line 1. The SQL statement executed was: SELECT * FROM `tbl_popup` `t` WHERE id=2> LIMIT 1 in /home/admin/web/popup.myhelper.website/public_html/framework/db/CDbCommand.php:543
Stack trace:
#0 /home/admin/web/popup.myhelper.website/public_html/framework/db/CDbCommand.php(415): CDbCommand->queryInternal()
#1 /home/admin/web/popup.myhelper.website/public_html/framework/db/ar/CActiveRecord.php(1359): CDbCommand->queryRow()
#2 /home/admin/web/popup.myhelper.website/public_html/framework/db/ar/CActiveRecord.php(1464): CActiveRecord->query()
#3 /home/admin/web/popup.myhelper.website/public_html/popup/protected/controllers/ScriptController.php(21): CActiveRecord->find()
#4 [internal function]: ScriptController->actionIndex()
#5 /home/admin/web/popup.myhelper.website/public_html/framework/web/actions/CAction.php(115): ReflectionMethod->invokeArgs()
#6 /home/admin/web/popup.myhelper.website/public_html/framework/web/actions/CInlineAction.php(47): CAction->runWithParamsInternal()
#7 /home/admin/web/popup.myhelper.website/public_html/framework/web/CController.php(308): CInlineAction->runWithParams()
#8 /home/admin/web/popup.myhelper.website/public_html/framework/web/CController.php(286): CController->runAction()
#9 /home/admin/web/popup.myhelper.website/public_html/framework/web/CController.php(265): CController->runActionWithFilters()
#10 /home/admin/web/popup.myhelper.website/public_html/framework/web/CWebApplication.php(282): CController->run()
#11 /home/admin/web/popup.myhelper.website/public_html/framework/web/CWebApplication.php(141): CWebApplication->runController()
#12 /home/admin/web/popup.myhelper.website/public_html/framework/base/CApplication.php(185): CWebApplication->processRequest()
#13 /home/admin/web/popup.myhelper.website/public_html/popup/index.php(13): CApplication->run()
#14 {main}
REQUEST_URI=/script?id=2%3E
HTTP_REFERER=https://popup.myhelper.website/script/test?id=2
---
